{"/Users/ali/Desktop/workspace/hudhud/uno/UnoServer/server.ts": {"path":"/Users/ali/Desktop/workspace/hudhud/uno/UnoServer/server.ts","all":true,"statementMap":{"0":{"start":{"line":1,"column":0},"end":{"line":1,"column":30}},"1":{"start":{"line":2,"column":0},"end":{"line":2,"column":37}},"2":{"start":{"line":3,"column":0},"end":{"line":3,"column":24}},"3":{"start":{"line":4,"column":0},"end":{"line":4,"column":64}},"4":{"start":{"line":5,"column":0},"end":{"line":5,"column":37}},"5":{"start":{"line":6,"column":0},"end":{"line":6,"column":94}},"8":{"start":{"line":9,"column":0},"end":{"line":9,"column":26}},"10":{"start":{"line":11,"column":0},"end":{"line":11,"column":20}},"11":{"start":{"line":12,"column":0},"end":{"line":12,"column":31}},"13":{"start":{"line":14,"column":0},"end":{"line":14,"column":63}},"14":{"start":{"line":15,"column":0},"end":{"line":15,"column":21}},"16":{"start":{"line":17,"column":0},"end":{"line":17,"column":33}},"17":{"start":{"line":18,"column":0},"end":{"line":18,"column":15}},"18":{"start":{"line":19,"column":0},"end":{"line":19,"column":3}},"20":{"start":{"line":21,"column":0},"end":{"line":21,"column":77}},"22":{"start":{"line":23,"column":0},"end":{"line":23,"column":28}},"23":{"start":{"line":24,"column":0},"end":{"line":24,"column":50}},"24":{"start":{"line":25,"column":0},"end":{"line":25,"column":3}}},"s":{"0":0,"1":0,"2":0,"3":0,"4":0,"5":0,"8":0,"10":0,"11":0,"13":0,"14":0,"16":0,"17":0,"18":0,"20":0,"22":0,"23":0,"24":0},"branchMap":{"0":{"type":"branch","line":1,"loc":{"start":{"line":1,"column":0},"end":{"line":25,"column":-359}},"locations":[{"start":{"line":1,"column":0},"end":{"line":25,"column":-359}}]}},"b":{"0":[0]},"fnMap":{"0":{"name":"(empty-report)","decl":{"start":{"line":1,"column":0},"end":{"line":25,"column":-359}},"loc":{"start":{"line":1,"column":0},"end":{"line":25,"column":-359}},"line":1}},"f":{"0":0}}
,"/Users/ali/Desktop/workspace/hudhud/uno/UnoServer/src/Core/InMemoryServiceProvider.ts": {"path":"/Users/ali/Desktop/workspace/hudhud/uno/UnoServer/src/Core/InMemoryServiceProvider.ts","all":false,"statementMap":{"1":{"start":{"line":2,"column":0},"end":{"line":2,"column":90}},"4":{"start":{"line":5,"column":0},"end":{"line":5,"column":65}},"5":{"start":{"line":6,"column":0},"end":{"line":6,"column":57}},"7":{"start":{"line":8,"column":0},"end":{"line":8,"column":41}},"8":{"start":{"line":9,"column":0},"end":{"line":9,"column":34}},"9":{"start":{"line":10,"column":0},"end":{"line":10,"column":39}},"10":{"start":{"line":11,"column":0},"end":{"line":11,"column":9}},"11":{"start":{"line":12,"column":0},"end":{"line":12,"column":59}},"12":{"start":{"line":13,"column":0},"end":{"line":13,"column":35}},"13":{"start":{"line":14,"column":0},"end":{"line":14,"column":5}},"14":{"start":{"line":15,"column":0},"end":{"line":15,"column":1}}},"s":{"1":1,"4":1,"5":2,"7":1,"8":2,"9":1,"10":1,"11":1,"12":1,"13":2,"14":1},"branchMap":{"0":{"type":"branch","line":5,"loc":{"start":{"line":5,"column":7},"end":{"line":6,"column":57}},"locations":[{"start":{"line":5,"column":7},"end":{"line":6,"column":57}}]},"1":{"type":"branch","line":8,"loc":{"start":{"line":8,"column":4},"end":{"line":14,"column":5}},"locations":[{"start":{"line":8,"column":4},"end":{"line":14,"column":5}}]},"2":{"type":"branch","line":9,"loc":{"start":{"line":9,"column":33},"end":{"line":13,"column":35}},"locations":[{"start":{"line":9,"column":33},"end":{"line":13,"column":35}}]}},"b":{"0":[2],"1":[2],"2":[1]},"fnMap":{"0":{"name":"InMemoryServiceProvider","decl":{"start":{"line":5,"column":7},"end":{"line":6,"column":57}},"loc":{"start":{"line":5,"column":7},"end":{"line":6,"column":57}},"line":5},"1":{"name":"getGameRepository","decl":{"start":{"line":8,"column":4},"end":{"line":14,"column":5}},"loc":{"start":{"line":8,"column":4},"end":{"line":14,"column":5}},"line":8}},"f":{"0":2,"1":2}}
,"/Users/ali/Desktop/workspace/hudhud/uno/UnoServer/src/Core/ServiceProvider.ts": {"path":"/Users/ali/Desktop/workspace/hudhud/uno/UnoServer/src/Core/ServiceProvider.ts","all":false,"statementMap":{"1":{"start":{"line":2,"column":0},"end":{"line":2,"column":68}},"7":{"start":{"line":8,"column":0},"end":{"line":8,"column":51}},"8":{"start":{"line":9,"column":0},"end":{"line":9,"column":58}},"9":{"start":{"line":10,"column":0},"end":{"line":10,"column":34}},"10":{"start":{"line":11,"column":0},"end":{"line":11,"column":56}},"11":{"start":{"line":12,"column":0},"end":{"line":12,"column":5}},"12":{"start":{"line":13,"column":0},"end":{"line":13,"column":27}},"13":{"start":{"line":14,"column":0},"end":{"line":14,"column":2}}},"s":{"1":1,"7":1,"8":1,"9":2,"10":1,"11":1,"12":2,"13":2},"branchMap":{"0":{"type":"branch","line":9,"loc":{"start":{"line":9,"column":34},"end":{"line":14,"column":2}},"locations":[{"start":{"line":9,"column":34},"end":{"line":14,"column":2}}]},"1":{"type":"branch","line":10,"loc":{"start":{"line":10,"column":33},"end":{"line":12,"column":5}},"locations":[{"start":{"line":10,"column":33},"end":{"line":12,"column":5}}]}},"b":{"0":[2],"1":[1]},"fnMap":{"0":{"name":"getServiceProvider","decl":{"start":{"line":9,"column":34},"end":{"line":14,"column":2}},"loc":{"start":{"line":9,"column":34},"end":{"line":14,"column":2}},"line":9}},"f":{"0":2}}
,"/Users/ali/Desktop/workspace/hudhud/uno/UnoServer/src/Domain/Card/Card.ts": {"path":"/Users/ali/Desktop/workspace/hudhud/uno/UnoServer/src/Domain/Card/Card.ts","all":false,"statementMap":{"3":{"start":{"line":4,"column":0},"end":{"line":4,"column":74}}},"s":{"3":1},"branchMap":{},"b":{},"fnMap":{},"f":{}}
,"/Users/ali/Desktop/workspace/hudhud/uno/UnoServer/src/Domain/Card/CardBehavior.ts": {"path":"/Users/ali/Desktop/workspace/hudhud/uno/UnoServer/src/Domain/Card/CardBehavior.ts","all":true,"statementMap":{},"s":{},"branchMap":{"0":{"type":"branch","line":1,"loc":{"start":{"line":1,"column":187},"end":{"line":6,"column":1}},"locations":[{"start":{"line":1,"column":187},"end":{"line":6,"column":1}}]}},"b":{"0":[1]},"fnMap":{"0":{"name":"(empty-report)","decl":{"start":{"line":1,"column":187},"end":{"line":6,"column":1}},"loc":{"start":{"line":1,"column":187},"end":{"line":6,"column":1}},"line":1}},"f":{"0":1}}
,"/Users/ali/Desktop/workspace/hudhud/uno/UnoServer/src/Domain/Card/Behaviors/ChangeColorBehavior.ts": {"path":"/Users/ali/Desktop/workspace/hudhud/uno/UnoServer/src/Domain/Card/Behaviors/ChangeColorBehavior.ts","all":false,"statementMap":{"9":{"start":{"line":10,"column":0},"end":{"line":10,"column":58}},"10":{"start":{"line":11,"column":0},"end":{"line":11,"column":76}},"11":{"start":{"line":12,"column":0},"end":{"line":12,"column":36}},"12":{"start":{"line":13,"column":0},"end":{"line":13,"column":48}},"14":{"start":{"line":15,"column":0},"end":{"line":15,"column":32}},"16":{"start":{"line":17,"column":0},"end":{"line":17,"column":16}},"17":{"start":{"line":18,"column":0},"end":{"line":18,"column":26}},"18":{"start":{"line":19,"column":0},"end":{"line":19,"column":23}},"19":{"start":{"line":20,"column":0},"end":{"line":20,"column":10}},"20":{"start":{"line":21,"column":0},"end":{"line":21,"column":5}},"21":{"start":{"line":22,"column":0},"end":{"line":22,"column":1}}},"s":{"9":1,"10":1,"11":1,"12":1,"14":1,"16":1,"17":1,"18":1,"19":1,"20":1,"21":1},"branchMap":{"0":{"type":"branch","line":11,"loc":{"start":{"line":11,"column":4},"end":{"line":21,"column":5}},"locations":[{"start":{"line":11,"column":4},"end":{"line":21,"column":5}}]}},"b":{"0":[1]},"fnMap":{"0":{"name":"execute","decl":{"start":{"line":11,"column":4},"end":{"line":21,"column":5}},"loc":{"start":{"line":11,"column":4},"end":{"line":21,"column":5}},"line":11}},"f":{"0":1}}
,"/Users/ali/Desktop/workspace/hudhud/uno/UnoServer/src/Domain/Card/Behaviors/ChangePlayerBehavior.ts": {"path":"/Users/ali/Desktop/workspace/hudhud/uno/UnoServer/src/Domain/Card/Behaviors/ChangePlayerBehavior.ts","all":false,"statementMap":{"1":{"start":{"line":2,"column":0},"end":{"line":2,"column":59}},"4":{"start":{"line":5,"column":0},"end":{"line":5,"column":68}},"5":{"start":{"line":6,"column":0},"end":{"line":6,"column":58}},"6":{"start":{"line":7,"column":0},"end":{"line":7,"column":36}},"7":{"start":{"line":8,"column":0},"end":{"line":8,"column":72}},"9":{"start":{"line":10,"column":0},"end":{"line":10,"column":48}},"10":{"start":{"line":11,"column":0},"end":{"line":11,"column":16}},"11":{"start":{"line":12,"column":0},"end":{"line":12,"column":26}},"12":{"start":{"line":13,"column":0},"end":{"line":13,"column":23}},"13":{"start":{"line":14,"column":0},"end":{"line":14,"column":10}},"14":{"start":{"line":15,"column":0},"end":{"line":15,"column":5}},"17":{"start":{"line":18,"column":0},"end":{"line":18,"column":1}}},"s":{"1":1,"4":1,"5":1,"6":2,"7":2,"9":2,"10":2,"11":2,"12":2,"13":2,"14":2,"17":1},"branchMap":{"0":{"type":"branch","line":6,"loc":{"start":{"line":6,"column":4},"end":{"line":15,"column":5}},"locations":[{"start":{"line":6,"column":4},"end":{"line":15,"column":5}}]}},"b":{"0":[2]},"fnMap":{"0":{"name":"execute","decl":{"start":{"line":6,"column":4},"end":{"line":15,"column":5}},"loc":{"start":{"line":6,"column":4},"end":{"line":15,"column":5}},"line":6}},"f":{"0":2}}
,"/Users/ali/Desktop/workspace/hudhud/uno/UnoServer/src/Domain/Card/Behaviors/NextPlayerBehavior.ts": {"path":"/Users/ali/Desktop/workspace/hudhud/uno/UnoServer/src/Domain/Card/Behaviors/NextPlayerBehavior.ts","all":false,"statementMap":{"1":{"start":{"line":2,"column":0},"end":{"line":2,"column":62}},"3":{"start":{"line":4,"column":0},"end":{"line":4,"column":62}},"4":{"start":{"line":5,"column":0},"end":{"line":5,"column":23}},"5":{"start":{"line":6,"column":0},"end":{"line":6,"column":17}},"6":{"start":{"line":7,"column":0},"end":{"line":7,"column":5}},"8":{"start":{"line":9,"column":0},"end":{"line":9,"column":26}},"9":{"start":{"line":10,"column":0},"end":{"line":10,"column":18}},"10":{"start":{"line":11,"column":0},"end":{"line":11,"column":5}},"11":{"start":{"line":12,"column":0},"end":{"line":12,"column":1}}},"s":{"1":1,"3":1,"4":1,"5":2,"6":2,"8":1,"9":0,"10":0,"11":1},"branchMap":{"0":{"type":"branch","line":5,"loc":{"start":{"line":5,"column":4},"end":{"line":7,"column":5}},"locations":[{"start":{"line":5,"column":4},"end":{"line":7,"column":5}}]}},"b":{"0":[2]},"fnMap":{"0":{"name":"getStep","decl":{"start":{"line":5,"column":4},"end":{"line":7,"column":5}},"loc":{"start":{"line":5,"column":4},"end":{"line":7,"column":5}},"line":5},"1":{"name":"getEvents","decl":{"start":{"line":9,"column":4},"end":{"line":11,"column":5}},"loc":{"start":{"line":9,"column":4},"end":{"line":11,"column":5}},"line":9}},"f":{"0":2,"1":0}}
,"/Users/ali/Desktop/workspace/hudhud/uno/UnoServer/src/Domain/Card/Behaviors/ReverseBehavior.ts": {"path":"/Users/ali/Desktop/workspace/hudhud/uno/UnoServer/src/Domain/Card/Behaviors/ReverseBehavior.ts","all":false,"statementMap":{"4":{"start":{"line":5,"column":0},"end":{"line":5,"column":54}},"5":{"start":{"line":6,"column":0},"end":{"line":6,"column":58}},"6":{"start":{"line":7,"column":0},"end":{"line":7,"column":36}},"7":{"start":{"line":8,"column":0},"end":{"line":8,"column":72}},"8":{"start":{"line":9,"column":0},"end":{"line":9,"column":16}},"9":{"start":{"line":10,"column":0},"end":{"line":10,"column":26}},"10":{"start":{"line":11,"column":0},"end":{"line":11,"column":23}},"11":{"start":{"line":12,"column":0},"end":{"line":12,"column":10}},"12":{"start":{"line":13,"column":0},"end":{"line":13,"column":5}},"13":{"start":{"line":14,"column":0},"end":{"line":14,"column":1}}},"s":{"4":1,"5":1,"6":2,"7":2,"8":2,"9":2,"10":2,"11":2,"12":2,"13":1},"branchMap":{"0":{"type":"branch","line":6,"loc":{"start":{"line":6,"column":4},"end":{"line":13,"column":5}},"locations":[{"start":{"line":6,"column":4},"end":{"line":13,"column":5}}]},"1":{"type":"branch","line":8,"loc":{"start":{"line":8,"column":50},"end":{"line":8,"column":66}},"locations":[{"start":{"line":8,"column":50},"end":{"line":8,"column":66}}]},"2":{"type":"branch","line":8,"loc":{"start":{"line":8,"column":58},"end":{"line":8,"column":72}},"locations":[{"start":{"line":8,"column":58},"end":{"line":8,"column":72}}]}},"b":{"0":[2],"1":[1],"2":[1]},"fnMap":{"0":{"name":"execute","decl":{"start":{"line":6,"column":4},"end":{"line":13,"column":5}},"loc":{"start":{"line":6,"column":4},"end":{"line":13,"column":5}},"line":6}},"f":{"0":2}}
,"/Users/ali/Desktop/workspace/hudhud/uno/UnoServer/src/Domain/Card/Behaviors/SkipPlayerBehavior.testx.ts": {"path":"/Users/ali/Desktop/workspace/hudhud/uno/UnoServer/src/Domain/Card/Behaviors/SkipPlayerBehavior.testx.ts","all":true,"statementMap":{"0":{"start":{"line":1,"column":0},"end":{"line":1,"column":99}},"1":{"start":{"line":2,"column":0},"end":{"line":2,"column":46}},"2":{"start":{"line":3,"column":0},"end":{"line":3,"column":58}},"6":{"start":{"line":7,"column":0},"end":{"line":7,"column":38}},"7":{"start":{"line":8,"column":0},"end":{"line":8,"column":36}},"8":{"start":{"line":9,"column":0},"end":{"line":9,"column":37}},"9":{"start":{"line":10,"column":0},"end":{"line":10,"column":100}},"10":{"start":{"line":11,"column":0},"end":{"line":11,"column":35}},"12":{"start":{"line":13,"column":0},"end":{"line":13,"column":50}},"14":{"start":{"line":15,"column":0},"end":{"line":15,"column":65}},"16":{"start":{"line":17,"column":0},"end":{"line":17,"column":53}},"17":{"start":{"line":18,"column":0},"end":{"line":18,"column":41}},"18":{"start":{"line":19,"column":0},"end":{"line":19,"column":61}},"19":{"start":{"line":20,"column":0},"end":{"line":20,"column":66}},"21":{"start":{"line":22,"column":0},"end":{"line":22,"column":63}},"22":{"start":{"line":23,"column":0},"end":{"line":23,"column":7}},"23":{"start":{"line":24,"column":0},"end":{"line":24,"column":3}}},"s":{"0":0,"1":0,"2":0,"6":0,"7":0,"8":0,"9":0,"10":0,"12":0,"14":0,"16":0,"17":0,"18":0,"19":0,"21":0,"22":0,"23":0},"branchMap":{"0":{"type":"branch","line":1,"loc":{"start":{"line":1,"column":0},"end":{"line":24,"column":-108}},"locations":[{"start":{"line":1,"column":0},"end":{"line":24,"column":-108}}]}},"b":{"0":[0]},"fnMap":{"0":{"name":"(empty-report)","decl":{"start":{"line":1,"column":0},"end":{"line":24,"column":-108}},"loc":{"start":{"line":1,"column":0},"end":{"line":24,"column":-108}},"line":1}},"f":{"0":0}}
,"/Users/ali/Desktop/workspace/hudhud/uno/UnoServer/src/Domain/Card/Behaviors/SkipPlayerBehavior.ts": {"path":"/Users/ali/Desktop/workspace/hudhud/uno/UnoServer/src/Domain/Card/Behaviors/SkipPlayerBehavior.ts","all":false,"statementMap":{"0":{"start":{"line":1,"column":0},"end":{"line":1,"column":62}},"2":{"start":{"line":3,"column":0},"end":{"line":3,"column":62}},"3":{"start":{"line":4,"column":0},"end":{"line":4,"column":23}},"4":{"start":{"line":5,"column":0},"end":{"line":5,"column":17}},"5":{"start":{"line":6,"column":0},"end":{"line":6,"column":5}},"6":{"start":{"line":7,"column":0},"end":{"line":7,"column":1}}},"s":{"0":1,"2":1,"3":1,"4":0,"5":0,"6":1},"branchMap":{},"b":{},"fnMap":{"0":{"name":"getStep","decl":{"start":{"line":4,"column":4},"end":{"line":6,"column":5}},"loc":{"start":{"line":4,"column":4},"end":{"line":6,"column":5}},"line":4}},"f":{"0":0}}
,"/Users/ali/Desktop/workspace/hudhud/uno/UnoServer/src/Domain/Card/Behaviors/WithdrawBehaviorBase.ts": {"path":"/Users/ali/Desktop/workspace/hudhud/uno/UnoServer/src/Domain/Card/Behaviors/WithdrawBehaviorBase.ts","all":false,"statementMap":{"0":{"start":{"line":1,"column":0},"end":{"line":1,"column":63}},"5":{"start":{"line":6,"column":0},"end":{"line":6,"column":68}},"8":{"start":{"line":9,"column":0},"end":{"line":9,"column":32}},"9":{"start":{"line":10,"column":0},"end":{"line":10,"column":27}},"10":{"start":{"line":11,"column":0},"end":{"line":11,"column":5}},"12":{"start":{"line":13,"column":0},"end":{"line":13,"column":58}},"13":{"start":{"line":14,"column":0},"end":{"line":14,"column":36}},"15":{"start":{"line":16,"column":0},"end":{"line":16,"column":111}},"16":{"start":{"line":17,"column":0},"end":{"line":17,"column":42}},"17":{"start":{"line":18,"column":0},"end":{"line":18,"column":47}},"18":{"start":{"line":19,"column":0},"end":{"line":19,"column":61}},"19":{"start":{"line":20,"column":0},"end":{"line":20,"column":9}},"20":{"start":{"line":21,"column":0},"end":{"line":21,"column":67}},"21":{"start":{"line":22,"column":0},"end":{"line":22,"column":49}},"23":{"start":{"line":24,"column":0},"end":{"line":24,"column":16}},"24":{"start":{"line":25,"column":0},"end":{"line":25,"column":26}},"25":{"start":{"line":26,"column":0},"end":{"line":26,"column":69}},"26":{"start":{"line":27,"column":0},"end":{"line":27,"column":10}},"27":{"start":{"line":28,"column":0},"end":{"line":28,"column":5}},"30":{"start":{"line":31,"column":0},"end":{"line":31,"column":1}}},"s":{"0":1,"5":1,"8":1,"9":12,"10":12,"12":1,"13":4,"15":4,"16":4,"17":4,"18":6,"19":6,"20":4,"21":4,"23":4,"24":4,"25":4,"26":4,"27":4,"30":1},"branchMap":{"0":{"type":"branch","line":9,"loc":{"start":{"line":9,"column":4},"end":{"line":11,"column":5}},"locations":[{"start":{"line":9,"column":4},"end":{"line":11,"column":5}}]},"1":{"type":"branch","line":13,"loc":{"start":{"line":13,"column":4},"end":{"line":28,"column":5}},"locations":[{"start":{"line":13,"column":4},"end":{"line":28,"column":5}}]},"2":{"type":"branch","line":16,"loc":{"start":{"line":16,"column":62},"end":{"line":16,"column":100}},"locations":[{"start":{"line":16,"column":62},"end":{"line":16,"column":100}}]},"3":{"type":"branch","line":16,"loc":{"start":{"line":16,"column":91},"end":{"line":16,"column":111}},"locations":[{"start":{"line":16,"column":91},"end":{"line":16,"column":111}}]},"4":{"type":"branch","line":18,"loc":{"start":{"line":18,"column":46},"end":{"line":20,"column":9}},"locations":[{"start":{"line":18,"column":46},"end":{"line":20,"column":9}}]}},"b":{"0":[12],"1":[4],"2":[2],"3":[2],"4":[6]},"fnMap":{"0":{"name":"WithdrawBehaviorBase","decl":{"start":{"line":9,"column":4},"end":{"line":11,"column":5}},"loc":{"start":{"line":9,"column":4},"end":{"line":11,"column":5}},"line":9},"1":{"name":"execute","decl":{"start":{"line":13,"column":4},"end":{"line":28,"column":5}},"loc":{"start":{"line":13,"column":4},"end":{"line":28,"column":5}},"line":13}},"f":{"0":12,"1":4}}
,"/Users/ali/Desktop/workspace/hudhud/uno/UnoServer/src/Domain/Card/Behaviors/WithdrawBehaviorForCurrentPlayer.ts": {"path":"/Users/ali/Desktop/workspace/hudhud/uno/UnoServer/src/Domain/Card/Behaviors/WithdrawBehaviorForCurrentPlayer.ts","all":false,"statementMap":{"1":{"start":{"line":2,"column":0},"end":{"line":2,"column":62}},"3":{"start":{"line":4,"column":0},"end":{"line":4,"column":76}},"4":{"start":{"line":5,"column":0},"end":{"line":5,"column":50}},"5":{"start":{"line":6,"column":0},"end":{"line":6,"column":38}},"6":{"start":{"line":7,"column":0},"end":{"line":7,"column":5}},"7":{"start":{"line":8,"column":0},"end":{"line":8,"column":1}}},"s":{"1":1,"3":1,"4":1,"5":2,"6":2,"7":1},"branchMap":{"0":{"type":"branch","line":5,"loc":{"start":{"line":5,"column":14},"end":{"line":7,"column":5}},"locations":[{"start":{"line":5,"column":14},"end":{"line":7,"column":5}}]}},"b":{"0":[2]},"fnMap":{"0":{"name":"getPlayerIndex","decl":{"start":{"line":5,"column":14},"end":{"line":7,"column":5}},"loc":{"start":{"line":5,"column":14},"end":{"line":7,"column":5}},"line":5}},"f":{"0":2}}
,"/Users/ali/Desktop/workspace/hudhud/uno/UnoServer/src/Domain/Card/Behaviors/WithdrawBehaviorForNextPlayer.ts": {"path":"/Users/ali/Desktop/workspace/hudhud/uno/UnoServer/src/Domain/Card/Behaviors/WithdrawBehaviorForNextPlayer.ts","all":false,"statementMap":{"0":{"start":{"line":1,"column":0},"end":{"line":1,"column":59}},"1":{"start":{"line":2,"column":0},"end":{"line":2,"column":62}},"3":{"start":{"line":4,"column":0},"end":{"line":4,"column":73}},"4":{"start":{"line":5,"column":0},"end":{"line":5,"column":16}},"5":{"start":{"line":6,"column":0},"end":{"line":6,"column":22}},"6":{"start":{"line":7,"column":0},"end":{"line":7,"column":38}},"7":{"start":{"line":8,"column":0},"end":{"line":8,"column":7}},"8":{"start":{"line":9,"column":0},"end":{"line":9,"column":21}},"9":{"start":{"line":10,"column":0},"end":{"line":10,"column":5}},"11":{"start":{"line":12,"column":0},"end":{"line":12,"column":50}},"12":{"start":{"line":13,"column":0},"end":{"line":13,"column":52}},"13":{"start":{"line":14,"column":0},"end":{"line":14,"column":5}},"14":{"start":{"line":15,"column":0},"end":{"line":15,"column":1}}},"s":{"0":1,"1":1,"3":1,"4":1,"5":10,"6":10,"7":10,"8":10,"9":10,"11":1,"12":2,"13":2,"14":1},"branchMap":{"0":{"type":"branch","line":5,"loc":{"start":{"line":5,"column":4},"end":{"line":10,"column":5}},"locations":[{"start":{"line":5,"column":4},"end":{"line":10,"column":5}}]},"1":{"type":"branch","line":12,"loc":{"start":{"line":12,"column":14},"end":{"line":14,"column":5}},"locations":[{"start":{"line":12,"column":14},"end":{"line":14,"column":5}}]}},"b":{"0":[10],"1":[2]},"fnMap":{"0":{"name":"WithdrawBehaviorForNextPlayer","decl":{"start":{"line":5,"column":4},"end":{"line":10,"column":5}},"loc":{"start":{"line":5,"column":4},"end":{"line":10,"column":5}},"line":5},"1":{"name":"getPlayerIndex","decl":{"start":{"line":12,"column":14},"end":{"line":14,"column":5}},"loc":{"start":{"line":12,"column":14},"end":{"line":14,"column":5}},"line":12}},"f":{"0":10,"1":2}}
,"/Users/ali/Desktop/workspace/hudhud/uno/UnoServer/src/Domain/Card/Factory/CardsFactory.ts": {"path":"/Users/ali/Desktop/workspace/hudhud/uno/UnoServer/src/Domain/Card/Factory/CardsFactory.ts","all":false,"statementMap":{"0":{"start":{"line":1,"column":0},"end":{"line":1,"column":71}},"1":{"start":{"line":2,"column":0},"end":{"line":2,"column":69}},"2":{"start":{"line":3,"column":0},"end":{"line":3,"column":65}},"4":{"start":{"line":5,"column":0},"end":{"line":5,"column":29}},"6":{"start":{"line":7,"column":0},"end":{"line":7,"column":35}},"7":{"start":{"line":8,"column":0},"end":{"line":8,"column":10}},"8":{"start":{"line":9,"column":0},"end":{"line":9,"column":10}},"9":{"start":{"line":10,"column":0},"end":{"line":10,"column":14}},"10":{"start":{"line":11,"column":0},"end":{"line":11,"column":10}},"11":{"start":{"line":12,"column":0},"end":{"line":12,"column":25}},"12":{"start":{"line":13,"column":0},"end":{"line":13,"column":4}},"18":{"start":{"line":19,"column":0},"end":{"line":19,"column":15}},"19":{"start":{"line":20,"column":0},"end":{"line":20,"column":40}},"20":{"start":{"line":21,"column":0},"end":{"line":21,"column":32}},"21":{"start":{"line":22,"column":0},"end":{"line":22,"column":52}},"22":{"start":{"line":23,"column":0},"end":{"line":23,"column":5}},"24":{"start":{"line":25,"column":0},"end":{"line":25,"column":48}},"25":{"start":{"line":26,"column":0},"end":{"line":26,"column":22}},"26":{"start":{"line":27,"column":0},"end":{"line":27,"column":22}},"27":{"start":{"line":28,"column":0},"end":{"line":28,"column":14}},"28":{"start":{"line":29,"column":0},"end":{"line":29,"column":14}},"29":{"start":{"line":30,"column":0},"end":{"line":30,"column":32}},"30":{"start":{"line":31,"column":0},"end":{"line":31,"column":8}},"31":{"start":{"line":32,"column":0},"end":{"line":32,"column":2}},"33":{"start":{"line":34,"column":0},"end":{"line":34,"column":32}},"34":{"start":{"line":35,"column":0},"end":{"line":35,"column":10}},"35":{"start":{"line":36,"column":0},"end":{"line":36,"column":10}},"36":{"start":{"line":37,"column":0},"end":{"line":37,"column":14}},"37":{"start":{"line":38,"column":0},"end":{"line":38,"column":25}},"38":{"start":{"line":39,"column":0},"end":{"line":39,"column":4}},"43":{"start":{"line":44,"column":0},"end":{"line":44,"column":15}},"44":{"start":{"line":45,"column":0},"end":{"line":45,"column":40}},"45":{"start":{"line":46,"column":0},"end":{"line":46,"column":32}},"46":{"start":{"line":47,"column":0},"end":{"line":47,"column":52}},"47":{"start":{"line":48,"column":0},"end":{"line":48,"column":5}},"48":{"start":{"line":49,"column":0},"end":{"line":49,"column":48}},"49":{"start":{"line":50,"column":0},"end":{"line":50,"column":22}},"50":{"start":{"line":51,"column":0},"end":{"line":51,"column":21}},"51":{"start":{"line":52,"column":0},"end":{"line":52,"column":14}},"52":{"start":{"line":53,"column":0},"end":{"line":53,"column":64}},"53":{"start":{"line":54,"column":0},"end":{"line":54,"column":8}},"54":{"start":{"line":55,"column":0},"end":{"line":55,"column":2}},"56":{"start":{"line":57,"column":0},"end":{"line":57,"column":35}},"57":{"start":{"line":58,"column":0},"end":{"line":58,"column":30}},"58":{"start":{"line":59,"column":0},"end":{"line":59,"column":24}},"59":{"start":{"line":60,"column":0},"end":{"line":60,"column":30}},"60":{"start":{"line":61,"column":0},"end":{"line":61,"column":41}},"61":{"start":{"line":62,"column":0},"end":{"line":62,"column":14}},"62":{"start":{"line":63,"column":0},"end":{"line":63,"column":21}},"63":{"start":{"line":64,"column":0},"end":{"line":64,"column":23}},"64":{"start":{"line":65,"column":0},"end":{"line":65,"column":18}},"65":{"start":{"line":66,"column":0},"end":{"line":66,"column":31}},"66":{"start":{"line":67,"column":0},"end":{"line":67,"column":39}},"67":{"start":{"line":68,"column":0},"end":{"line":68,"column":30}},"68":{"start":{"line":69,"column":0},"end":{"line":69,"column":30}},"69":{"start":{"line":70,"column":0},"end":{"line":70,"column":45}},"70":{"start":{"line":71,"column":0},"end":{"line":71,"column":49}},"71":{"start":{"line":72,"column":0},"end":{"line":72,"column":67}},"72":{"start":{"line":73,"column":0},"end":{"line":73,"column":29}},"73":{"start":{"line":74,"column":0},"end":{"line":74,"column":17}},"74":{"start":{"line":75,"column":0},"end":{"line":75,"column":23}},"75":{"start":{"line":76,"column":0},"end":{"line":76,"column":9}},"76":{"start":{"line":77,"column":0},"end":{"line":77,"column":16}},"77":{"start":{"line":78,"column":0},"end":{"line":78,"column":2}},"79":{"start":{"line":80,"column":0},"end":{"line":80,"column":32}},"80":{"start":{"line":81,"column":0},"end":{"line":81,"column":30}},"81":{"start":{"line":82,"column":0},"end":{"line":82,"column":38}},"82":{"start":{"line":83,"column":0},"end":{"line":83,"column":30}},"83":{"start":{"line":84,"column":0},"end":{"line":84,"column":41}},"84":{"start":{"line":85,"column":0},"end":{"line":85,"column":14}},"85":{"start":{"line":86,"column":0},"end":{"line":86,"column":17}},"86":{"start":{"line":87,"column":0},"end":{"line":87,"column":23}},"87":{"start":{"line":88,"column":0},"end":{"line":88,"column":28}},"88":{"start":{"line":89,"column":0},"end":{"line":89,"column":22}},"89":{"start":{"line":90,"column":0},"end":{"line":90,"column":37}},"90":{"start":{"line":91,"column":0},"end":{"line":91,"column":41}},"91":{"start":{"line":92,"column":0},"end":{"line":92,"column":59}},"92":{"start":{"line":93,"column":0},"end":{"line":93,"column":21}},"93":{"start":{"line":94,"column":0},"end":{"line":94,"column":9}},"94":{"start":{"line":95,"column":0},"end":{"line":95,"column":16}},"95":{"start":{"line":96,"column":0},"end":{"line":96,"column":2}}},"s":{"0":1,"1":1,"2":1,"4":1,"6":1,"7":138,"8":138,"9":138,"10":138,"11":138,"12":138,"18":138,"19":138,"20":138,"21":97,"22":97,"24":138,"25":260,"26":260,"27":260,"28":260,"29":260,"30":138,"31":138,"33":1,"34":10,"35":10,"36":10,"37":10,"38":10,"43":10,"44":10,"45":10,"46":7,"47":7,"48":10,"49":26,"50":26,"51":26,"52":26,"53":10,"54":10,"56":1,"57":14,"58":14,"59":14,"60":14,"61":14,"62":14,"63":14,"64":56,"65":56,"66":136,"67":136,"68":136,"69":136,"70":136,"71":136,"72":136,"73":56,"74":56,"75":14,"76":14,"77":14,"79":1,"80":7,"81":7,"82":7,"83":7,"84":7,"85":7,"86":7,"87":8,"88":8,"89":8,"90":8,"91":8,"92":8,"93":7,"94":7,"95":7},"branchMap":{"0":{"type":"branch","line":7,"loc":{"start":{"line":7,"column":33},"end":{"line":32,"column":2}},"locations":[{"start":{"line":7,"column":33},"end":{"line":32,"column":2}}]},"1":{"type":"branch","line":21,"loc":{"start":{"line":21,"column":31},"end":{"line":23,"column":5}},"locations":[{"start":{"line":21,"column":31},"end":{"line":23,"column":5}}]},"2":{"type":"branch","line":25,"loc":{"start":{"line":25,"column":40},"end":{"line":31,"column":6}},"locations":[{"start":{"line":25,"column":40},"end":{"line":31,"column":6}}]},"3":{"type":"branch","line":34,"loc":{"start":{"line":34,"column":30},"end":{"line":55,"column":2}},"locations":[{"start":{"line":34,"column":30},"end":{"line":55,"column":2}}]},"4":{"type":"branch","line":46,"loc":{"start":{"line":46,"column":31},"end":{"line":48,"column":5}},"locations":[{"start":{"line":46,"column":31},"end":{"line":48,"column":5}}]},"5":{"type":"branch","line":49,"loc":{"start":{"line":49,"column":40},"end":{"line":54,"column":6}},"locations":[{"start":{"line":49,"column":40},"end":{"line":54,"column":6}}]},"6":{"type":"branch","line":57,"loc":{"start":{"line":57,"column":34},"end":{"line":78,"column":2}},"locations":[{"start":{"line":57,"column":34},"end":{"line":78,"column":2}}]},"7":{"type":"branch","line":64,"loc":{"start":{"line":64,"column":13},"end":{"line":75,"column":23}},"locations":[{"start":{"line":64,"column":13},"end":{"line":75,"column":23}}]},"8":{"type":"branch","line":66,"loc":{"start":{"line":66,"column":21},"end":{"line":73,"column":29}},"locations":[{"start":{"line":66,"column":21},"end":{"line":73,"column":29}}]},"9":{"type":"branch","line":80,"loc":{"start":{"line":80,"column":31},"end":{"line":96,"column":2}},"locations":[{"start":{"line":80,"column":31},"end":{"line":96,"column":2}}]},"10":{"type":"branch","line":87,"loc":{"start":{"line":87,"column":13},"end":{"line":93,"column":21}},"locations":[{"start":{"line":87,"column":13},"end":{"line":93,"column":21}}]}},"b":{"0":[138],"1":[97],"2":[260],"3":[10],"4":[7],"5":[26],"6":[14],"7":[56],"8":[136],"9":[7],"10":[8]},"fnMap":{"0":{"name":"createColoredCard","decl":{"start":{"line":7,"column":33},"end":{"line":32,"column":2}},"loc":{"start":{"line":7,"column":33},"end":{"line":32,"column":2}},"line":7},"1":{"name":"createWildCard","decl":{"start":{"line":34,"column":30},"end":{"line":55,"column":2}},"loc":{"start":{"line":34,"column":30},"end":{"line":55,"column":2}},"line":34},"2":{"name":"createColoredCards","decl":{"start":{"line":57,"column":34},"end":{"line":78,"column":2}},"loc":{"start":{"line":57,"column":34},"end":{"line":78,"column":2}},"line":57},"3":{"name":"createWildCards","decl":{"start":{"line":80,"column":31},"end":{"line":96,"column":2}},"loc":{"start":{"line":80,"column":31},"end":{"line":96,"column":2}},"line":80}},"f":{"0":138,"1":10,"2":14,"3":7}}
,"/Users/ali/Desktop/workspace/hudhud/uno/UnoServer/src/Domain/Errors/ErrorCodes.ts": {"path":"/Users/ali/Desktop/workspace/hudhud/uno/UnoServer/src/Domain/Errors/ErrorCodes.ts","all":false,"statementMap":{"0":{"start":{"line":1,"column":0},"end":{"line":1,"column":49}},"1":{"start":{"line":2,"column":0},"end":{"line":2,"column":48}},"2":{"start":{"line":3,"column":0},"end":{"line":3,"column":57}},"3":{"start":{"line":4,"column":0},"end":{"line":4,"column":48}},"4":{"start":{"line":5,"column":0},"end":{"line":5,"column":52}},"5":{"start":{"line":6,"column":0},"end":{"line":6,"column":52}},"6":{"start":{"line":7,"column":0},"end":{"line":7,"column":54}},"7":{"start":{"line":8,"column":0},"end":{"line":8,"column":51}},"8":{"start":{"line":9,"column":0},"end":{"line":9,"column":57}},"9":{"start":{"line":10,"column":0},"end":{"line":10,"column":61}},"10":{"start":{"line":11,"column":0},"end":{"line":11,"column":58}},"11":{"start":{"line":12,"column":0},"end":{"line":12,"column":48}}},"s":{"0":1,"1":1,"2":1,"3":1,"4":1,"5":1,"6":1,"7":1,"8":1,"9":1,"10":1,"11":1},"branchMap":{},"b":{},"fnMap":{},"f":{}}
,"/Users/ali/Desktop/workspace/hudhud/uno/UnoServer/src/Domain/Event/Event.ts": {"path":"/Users/ali/Desktop/workspace/hudhud/uno/UnoServer/src/Domain/Event/Event.ts","all":false,"statementMap":{"0":{"start":{"line":1,"column":0},"end":{"line":1,"column":23}},"1":{"start":{"line":2,"column":0},"end":{"line":2,"column":26}},"2":{"start":{"line":3,"column":0},"end":{"line":3,"column":35}},"3":{"start":{"line":4,"column":0},"end":{"line":4,"column":46}},"28":{"start":{"line":29,"column":0},"end":{"line":29,"column":77}},"29":{"start":{"line":30,"column":0},"end":{"line":30,"column":12}},"30":{"start":{"line":31,"column":0},"end":{"line":31,"column":33}},"31":{"start":{"line":32,"column":0},"end":{"line":32,"column":18}},"32":{"start":{"line":33,"column":0},"end":{"line":33,"column":21}},"33":{"start":{"line":34,"column":0},"end":{"line":34,"column":18}},"34":{"start":{"line":35,"column":0},"end":{"line":35,"column":10}},"35":{"start":{"line":36,"column":0},"end":{"line":36,"column":6}},"36":{"start":{"line":37,"column":0},"end":{"line":37,"column":1}}},"s":{"0":1,"1":1,"2":1,"3":1,"28":1,"29":6,"30":6,"31":6,"32":6,"33":6,"34":6,"35":6,"36":6},"branchMap":{"0":{"type":"branch","line":1,"loc":{"start":{"line":1,"column":7},"end":{"line":1,"column":23}},"locations":[{"start":{"line":1,"column":7},"end":{"line":1,"column":23}}]},"1":{"type":"branch","line":29,"loc":{"start":{"line":29,"column":7},"end":{"line":37,"column":1}},"locations":[{"start":{"line":29,"column":7},"end":{"line":37,"column":1}}]}},"b":{"0":[7],"1":[6]},"fnMap":{"0":{"name":"createWithdrawEvent","decl":{"start":{"line":29,"column":7},"end":{"line":37,"column":1}},"loc":{"start":{"line":29,"column":7},"end":{"line":37,"column":1}},"line":29}},"f":{"0":6}}
,"/Users/ali/Desktop/workspace/hudhud/uno/UnoServer/src/Domain/Game/Game.ts": {"path":"/Users/ali/Desktop/workspace/hudhud/uno/UnoServer/src/Domain/Game/Game.ts","all":false,"statementMap":{"0":{"start":{"line":1,"column":0},"end":{"line":1,"column":74}},"1":{"start":{"line":2,"column":0},"end":{"line":2,"column":59}},"2":{"start":{"line":3,"column":0},"end":{"line":3,"column":71}},"25":{"start":{"line":26,"column":0},"end":{"line":26,"column":62}},"26":{"start":{"line":27,"column":0},"end":{"line":27,"column":22}},"27":{"start":{"line":28,"column":0},"end":{"line":28,"column":20}},"28":{"start":{"line":29,"column":0},"end":{"line":29,"column":5}},"30":{"start":{"line":31,"column":0},"end":{"line":31,"column":53}},"31":{"start":{"line":32,"column":0},"end":{"line":32,"column":51}},"33":{"start":{"line":34,"column":0},"end":{"line":34,"column":38}},"34":{"start":{"line":35,"column":0},"end":{"line":35,"column":20}},"35":{"start":{"line":36,"column":0},"end":{"line":36,"column":5}},"37":{"start":{"line":38,"column":0},"end":{"line":38,"column":38}},"38":{"start":{"line":39,"column":0},"end":{"line":39,"column":20}},"39":{"start":{"line":40,"column":0},"end":{"line":40,"column":5}},"41":{"start":{"line":42,"column":0},"end":{"line":42,"column":36}},"42":{"start":{"line":43,"column":0},"end":{"line":43,"column":20}},"43":{"start":{"line":44,"column":0},"end":{"line":44,"column":5}},"45":{"start":{"line":46,"column":0},"end":{"line":46,"column":17}},"46":{"start":{"line":47,"column":0},"end":{"line":47,"column":1}},"48":{"start":{"line":49,"column":0},"end":{"line":49,"column":101}},"49":{"start":{"line":50,"column":0},"end":{"line":50,"column":30}},"50":{"start":{"line":51,"column":0},"end":{"line":51,"column":31}},"52":{"start":{"line":53,"column":0},"end":{"line":53,"column":42}},"53":{"start":{"line":54,"column":0},"end":{"line":54,"column":74}},"54":{"start":{"line":55,"column":0},"end":{"line":55,"column":20}},"55":{"start":{"line":56,"column":0},"end":{"line":56,"column":26}},"56":{"start":{"line":57,"column":0},"end":{"line":57,"column":7}},"58":{"start":{"line":59,"column":0},"end":{"line":59,"column":35}},"59":{"start":{"line":60,"column":0},"end":{"line":60,"column":66}},"60":{"start":{"line":61,"column":0},"end":{"line":61,"column":78}},"61":{"start":{"line":62,"column":0},"end":{"line":62,"column":26}},"63":{"start":{"line":64,"column":0},"end":{"line":64,"column":55}},"64":{"start":{"line":65,"column":0},"end":{"line":65,"column":35}},"65":{"start":{"line":66,"column":0},"end":{"line":66,"column":5}},"67":{"start":{"line":68,"column":0},"end":{"line":68,"column":70}},"68":{"start":{"line":69,"column":0},"end":{"line":69,"column":44}},"70":{"start":{"line":71,"column":0},"end":{"line":71,"column":43}},"71":{"start":{"line":72,"column":0},"end":{"line":72,"column":21}},"72":{"start":{"line":73,"column":0},"end":{"line":73,"column":41}},"73":{"start":{"line":74,"column":0},"end":{"line":74,"column":22}},"74":{"start":{"line":75,"column":0},"end":{"line":75,"column":75}},"75":{"start":{"line":76,"column":0},"end":{"line":76,"column":14}},"76":{"start":{"line":77,"column":0},"end":{"line":77,"column":11}},"77":{"start":{"line":78,"column":0},"end":{"line":78,"column":32}},"78":{"start":{"line":79,"column":0},"end":{"line":79,"column":5}},"80":{"start":{"line":81,"column":0},"end":{"line":81,"column":12}},"81":{"start":{"line":82,"column":0},"end":{"line":82,"column":22}},"82":{"start":{"line":83,"column":0},"end":{"line":83,"column":15}},"83":{"start":{"line":84,"column":0},"end":{"line":84,"column":6}},"84":{"start":{"line":85,"column":0},"end":{"line":85,"column":1}},"88":{"start":{"line":89,"column":0},"end":{"line":89,"column":75}},"89":{"start":{"line":90,"column":0},"end":{"line":90,"column":32}},"90":{"start":{"line":91,"column":0},"end":{"line":91,"column":66}},"91":{"start":{"line":92,"column":0},"end":{"line":92,"column":53}},"92":{"start":{"line":93,"column":0},"end":{"line":93,"column":24}},"93":{"start":{"line":94,"column":0},"end":{"line":94,"column":48}},"94":{"start":{"line":95,"column":0},"end":{"line":95,"column":5}},"95":{"start":{"line":96,"column":0},"end":{"line":96,"column":46}},"97":{"start":{"line":98,"column":0},"end":{"line":98,"column":62}},"99":{"start":{"line":100,"column":0},"end":{"line":100,"column":70}},"100":{"start":{"line":101,"column":0},"end":{"line":101,"column":44}},"102":{"start":{"line":103,"column":0},"end":{"line":103,"column":12}},"103":{"start":{"line":104,"column":0},"end":{"line":104,"column":22}},"104":{"start":{"line":105,"column":0},"end":{"line":105,"column":15}},"105":{"start":{"line":106,"column":0},"end":{"line":106,"column":6}},"106":{"start":{"line":107,"column":0},"end":{"line":107,"column":1}},"108":{"start":{"line":109,"column":0},"end":{"line":109,"column":56}},"109":{"start":{"line":110,"column":0},"end":{"line":110,"column":41}},"110":{"start":{"line":111,"column":0},"end":{"line":111,"column":47}},"112":{"start":{"line":113,"column":0},"end":{"line":113,"column":44}},"113":{"start":{"line":114,"column":0},"end":{"line":114,"column":61}},"114":{"start":{"line":115,"column":0},"end":{"line":115,"column":44}},"115":{"start":{"line":116,"column":0},"end":{"line":116,"column":39}},"116":{"start":{"line":117,"column":0},"end":{"line":117,"column":38}},"118":{"start":{"line":119,"column":0},"end":{"line":119,"column":55}},"119":{"start":{"line":120,"column":0},"end":{"line":120,"column":5}},"120":{"start":{"line":121,"column":0},"end":{"line":121,"column":14}},"121":{"start":{"line":122,"column":0},"end":{"line":122,"column":1}},"123":{"start":{"line":124,"column":0},"end":{"line":124,"column":73}},"124":{"start":{"line":125,"column":0},"end":{"line":125,"column":56}},"125":{"start":{"line":126,"column":0},"end":{"line":126,"column":71}},"126":{"start":{"line":127,"column":0},"end":{"line":127,"column":26}},"127":{"start":{"line":128,"column":0},"end":{"line":128,"column":12}},"128":{"start":{"line":129,"column":0},"end":{"line":129,"column":22}},"129":{"start":{"line":130,"column":0},"end":{"line":130,"column":15}},"130":{"start":{"line":131,"column":0},"end":{"line":131,"column":6}},"131":{"start":{"line":132,"column":0},"end":{"line":132,"column":1}},"133":{"start":{"line":134,"column":0},"end":{"line":134,"column":70}},"134":{"start":{"line":135,"column":0},"end":{"line":135,"column":111}},"135":{"start":{"line":136,"column":0},"end":{"line":136,"column":76}},"136":{"start":{"line":137,"column":0},"end":{"line":137,"column":23}},"137":{"start":{"line":138,"column":0},"end":{"line":138,"column":1}},"139":{"start":{"line":140,"column":0},"end":{"line":140,"column":42}},"140":{"start":{"line":141,"column":0},"end":{"line":141,"column":108}},"141":{"start":{"line":142,"column":0},"end":{"line":142,"column":60}},"142":{"start":{"line":143,"column":0},"end":{"line":143,"column":5}},"144":{"start":{"line":145,"column":0},"end":{"line":145,"column":41}},"145":{"start":{"line":146,"column":0},"end":{"line":146,"column":57}},"146":{"start":{"line":147,"column":0},"end":{"line":147,"column":40}},"147":{"start":{"line":148,"column":0},"end":{"line":148,"column":35}},"149":{"start":{"line":150,"column":0},"end":{"line":150,"column":41}},"150":{"start":{"line":151,"column":0},"end":{"line":151,"column":33}},"151":{"start":{"line":152,"column":0},"end":{"line":152,"column":33}},"152":{"start":{"line":153,"column":0},"end":{"line":153,"column":62}},"153":{"start":{"line":154,"column":0},"end":{"line":154,"column":49}},"154":{"start":{"line":155,"column":0},"end":{"line":155,"column":9}},"155":{"start":{"line":156,"column":0},"end":{"line":156,"column":24}},"156":{"start":{"line":157,"column":0},"end":{"line":157,"column":7}},"158":{"start":{"line":159,"column":0},"end":{"line":159,"column":44}},"159":{"start":{"line":160,"column":0},"end":{"line":160,"column":36}},"161":{"start":{"line":162,"column":0},"end":{"line":162,"column":77}},"163":{"start":{"line":164,"column":0},"end":{"line":164,"column":82}},"164":{"start":{"line":165,"column":0},"end":{"line":165,"column":64}},"166":{"start":{"line":167,"column":0},"end":{"line":167,"column":27}},"167":{"start":{"line":168,"column":0},"end":{"line":168,"column":2}},"169":{"start":{"line":170,"column":0},"end":{"line":170,"column":107}},"170":{"start":{"line":171,"column":0},"end":{"line":171,"column":63}},"171":{"start":{"line":172,"column":0},"end":{"line":172,"column":17}},"172":{"start":{"line":173,"column":0},"end":{"line":173,"column":41}},"173":{"start":{"line":174,"column":0},"end":{"line":174,"column":5}},"174":{"start":{"line":175,"column":0},"end":{"line":175,"column":2}}},"s":{"0":1,"1":1,"2":1,"25":1,"26":5,"27":1,"28":1,"30":4,"31":4,"33":5,"34":1,"35":1,"37":5,"38":1,"39":1,"41":5,"42":1,"43":1,"45":1,"46":1,"48":1,"49":6,"50":6,"52":6,"53":2,"54":2,"55":2,"56":6,"58":6,"59":6,"60":6,"61":6,"63":6,"64":5,"65":5,"67":6,"68":6,"70":6,"71":1,"72":1,"73":1,"74":1,"75":1,"76":1,"77":1,"78":1,"80":6,"81":6,"82":6,"83":6,"84":6,"88":1,"89":2,"90":2,"91":2,"92":2,"93":2,"94":2,"95":2,"97":2,"99":2,"100":2,"102":2,"103":2,"104":2,"105":2,"106":2,"108":8,"109":8,"110":2,"112":2,"113":2,"114":2,"115":2,"116":2,"118":2,"119":2,"120":6,"121":6,"123":1,"124":1,"125":1,"126":1,"127":1,"128":1,"129":1,"130":1,"131":1,"133":1,"134":12,"135":12,"136":12,"137":12,"139":1,"140":5,"141":3,"142":3,"144":2,"145":2,"146":2,"147":2,"149":2,"150":2,"151":4,"152":4,"153":28,"154":28,"155":4,"156":2,"158":2,"159":2,"161":2,"163":2,"164":5,"166":5,"167":5,"169":1,"170":3,"171":3,"172":3,"173":3,"174":3},"branchMap":{"0":{"type":"branch","line":26,"loc":{"start":{"line":26,"column":7},"end":{"line":47,"column":1}},"locations":[{"start":{"line":26,"column":7},"end":{"line":47,"column":1}}]},"1":{"type":"branch","line":27,"loc":{"start":{"line":27,"column":21},"end":{"line":29,"column":5}},"locations":[{"start":{"line":27,"column":21},"end":{"line":29,"column":5}}]},"2":{"type":"branch","line":29,"loc":{"start":{"line":29,"column":4},"end":{"line":34,"column":37}},"locations":[{"start":{"line":29,"column":4},"end":{"line":34,"column":37}}]},"3":{"type":"branch","line":34,"loc":{"start":{"line":34,"column":37},"end":{"line":36,"column":5}},"locations":[{"start":{"line":34,"column":37},"end":{"line":36,"column":5}}]},"4":{"type":"branch","line":36,"loc":{"start":{"line":36,"column":4},"end":{"line":38,"column":37}},"locations":[{"start":{"line":36,"column":4},"end":{"line":38,"column":37}}]},"5":{"type":"branch","line":38,"loc":{"start":{"line":38,"column":37},"end":{"line":40,"column":5}},"locations":[{"start":{"line":38,"column":37},"end":{"line":40,"column":5}}]},"6":{"type":"branch","line":40,"loc":{"start":{"line":40,"column":4},"end":{"line":42,"column":35}},"locations":[{"start":{"line":40,"column":4},"end":{"line":42,"column":35}}]},"7":{"type":"branch","line":42,"loc":{"start":{"line":42,"column":35},"end":{"line":47,"column":1}},"locations":[{"start":{"line":42,"column":35},"end":{"line":47,"column":1}}]},"8":{"type":"branch","line":49,"loc":{"start":{"line":49,"column":7},"end":{"line":85,"column":1}},"locations":[{"start":{"line":49,"column":7},"end":{"line":85,"column":1}}]},"9":{"type":"branch","line":64,"loc":{"start":{"line":64,"column":54},"end":{"line":66,"column":5}},"locations":[{"start":{"line":64,"column":54},"end":{"line":66,"column":5}}]},"10":{"type":"branch","line":71,"loc":{"start":{"line":71,"column":42},"end":{"line":79,"column":5}},"locations":[{"start":{"line":71,"column":42},"end":{"line":79,"column":5}}]},"11":{"type":"branch","line":53,"loc":{"start":{"line":53,"column":27},"end":{"line":57,"column":5}},"locations":[{"start":{"line":53,"column":27},"end":{"line":57,"column":5}}]},"12":{"type":"branch","line":61,"loc":{"start":{"line":61,"column":53},"end":{"line":61,"column":76}},"locations":[{"start":{"line":61,"column":53},"end":{"line":61,"column":76}}]},"13":{"type":"branch","line":89,"loc":{"start":{"line":89,"column":7},"end":{"line":107,"column":1}},"locations":[{"start":{"line":89,"column":7},"end":{"line":107,"column":1}}]},"14":{"type":"branch","line":109,"loc":{"start":{"line":109,"column":0},"end":{"line":122,"column":1}},"locations":[{"start":{"line":109,"column":0},"end":{"line":122,"column":1}}]},"15":{"type":"branch","line":110,"loc":{"start":{"line":110,"column":40},"end":{"line":120,"column":5}},"locations":[{"start":{"line":110,"column":40},"end":{"line":120,"column":5}}]},"16":{"type":"branch","line":120,"loc":{"start":{"line":120,"column":4},"end":{"line":122,"column":1}},"locations":[{"start":{"line":120,"column":4},"end":{"line":122,"column":1}}]},"17":{"type":"branch","line":114,"loc":{"start":{"line":114,"column":17},"end":{"line":114,"column":60}},"locations":[{"start":{"line":114,"column":17},"end":{"line":114,"column":60}}]},"18":{"type":"branch","line":115,"loc":{"start":{"line":115,"column":18},"end":{"line":115,"column":43}},"locations":[{"start":{"line":115,"column":18},"end":{"line":115,"column":43}}]},"19":{"type":"branch","line":116,"loc":{"start":{"line":116,"column":17},"end":{"line":116,"column":37}},"locations":[{"start":{"line":116,"column":17},"end":{"line":116,"column":37}}]},"20":{"type":"branch","line":124,"loc":{"start":{"line":124,"column":7},"end":{"line":132,"column":1}},"locations":[{"start":{"line":124,"column":7},"end":{"line":132,"column":1}}]},"21":{"type":"branch","line":134,"loc":{"start":{"line":134,"column":7},"end":{"line":138,"column":1}},"locations":[{"start":{"line":134,"column":7},"end":{"line":138,"column":1}}]},"22":{"type":"branch","line":135,"loc":{"start":{"line":135,"column":41},"end":{"line":135,"column":81}},"locations":[{"start":{"line":135,"column":41},"end":{"line":135,"column":81}}]},"23":{"type":"branch","line":135,"loc":{"start":{"line":135,"column":74},"end":{"line":135,"column":111}},"locations":[{"start":{"line":135,"column":74},"end":{"line":135,"column":111}}]},"24":{"type":"branch","line":140,"loc":{"start":{"line":140,"column":25},"end":{"line":168,"column":2}},"locations":[{"start":{"line":140,"column":25},"end":{"line":168,"column":2}}]},"25":{"type":"branch","line":141,"loc":{"start":{"line":141,"column":58},"end":{"line":141,"column":90}},"locations":[{"start":{"line":141,"column":58},"end":{"line":141,"column":90}}]},"26":{"type":"branch","line":141,"loc":{"start":{"line":141,"column":85},"end":{"line":141,"column":107}},"locations":[{"start":{"line":141,"column":85},"end":{"line":141,"column":107}}]},"27":{"type":"branch","line":141,"loc":{"start":{"line":141,"column":107},"end":{"line":143,"column":5}},"locations":[{"start":{"line":141,"column":107},"end":{"line":143,"column":5}}]},"28":{"type":"branch","line":143,"loc":{"start":{"line":143,"column":4},"end":{"line":165,"column":35}},"locations":[{"start":{"line":143,"column":4},"end":{"line":165,"column":35}}]},"29":{"type":"branch","line":165,"loc":{"start":{"line":165,"column":26},"end":{"line":165,"column":49}},"locations":[{"start":{"line":165,"column":26},"end":{"line":165,"column":49}}]},"30":{"type":"branch","line":165,"loc":{"start":{"line":165,"column":35},"end":{"line":165,"column":64}},"locations":[{"start":{"line":165,"column":35},"end":{"line":165,"column":64}}]},"31":{"type":"branch","line":146,"loc":{"start":{"line":146,"column":13},"end":{"line":146,"column":56}},"locations":[{"start":{"line":146,"column":13},"end":{"line":146,"column":56}}]},"32":{"type":"branch","line":147,"loc":{"start":{"line":147,"column":14},"end":{"line":147,"column":39}},"locations":[{"start":{"line":147,"column":14},"end":{"line":147,"column":39}}]},"33":{"type":"branch","line":148,"loc":{"start":{"line":148,"column":13},"end":{"line":148,"column":33}},"locations":[{"start":{"line":148,"column":13},"end":{"line":148,"column":33}}]},"34":{"type":"branch","line":151,"loc":{"start":{"line":151,"column":25},"end":{"line":157,"column":5}},"locations":[{"start":{"line":151,"column":25},"end":{"line":157,"column":5}}]},"35":{"type":"branch","line":153,"loc":{"start":{"line":153,"column":61},"end":{"line":155,"column":9}},"locations":[{"start":{"line":153,"column":61},"end":{"line":155,"column":9}}]},"36":{"type":"branch","line":170,"loc":{"start":{"line":170,"column":44},"end":{"line":175,"column":2}},"locations":[{"start":{"line":170,"column":44},"end":{"line":175,"column":2}}]},"37":{"type":"branch","line":171,"loc":{"start":{"line":171,"column":37},"end":{"line":171,"column":61}},"locations":[{"start":{"line":171,"column":37},"end":{"line":171,"column":61}}]}},"b":{"0":[5],"1":[1],"2":[4],"3":[1],"4":[3],"5":[1],"6":[2],"7":[1],"8":[6],"9":[5],"10":[1],"11":[2],"12":[9],"13":[2],"14":[8],"15":[2],"16":[6],"17":[15],"18":[30],"19":[15],"20":[1],"21":[12],"22":[8],"23":[4],"24":[5],"25":[4],"26":[3],"27":[3],"28":[2],"29":[1],"30":[1],"31":[200],"32":[1069],"33":[200],"34":[4],"35":[28],"36":[3],"37":[4]},"fnMap":{"0":{"name":"canPlayCard","decl":{"start":{"line":26,"column":7},"end":{"line":47,"column":1}},"loc":{"start":{"line":26,"column":7},"end":{"line":47,"column":1}},"line":26},"1":{"name":"playCard","decl":{"start":{"line":49,"column":7},"end":{"line":85,"column":1}},"loc":{"start":{"line":49,"column":7},"end":{"line":85,"column":1}},"line":49},"2":{"name":"withdrawCard","decl":{"start":{"line":89,"column":7},"end":{"line":107,"column":1}},"loc":{"start":{"line":89,"column":7},"end":{"line":107,"column":1}},"line":89},"3":{"name":"resetWithdrawPileIfEmpty","decl":{"start":{"line":109,"column":0},"end":{"line":122,"column":1}},"loc":{"start":{"line":109,"column":0},"end":{"line":122,"column":1}},"line":109},"4":{"name":"skipNoCard","decl":{"start":{"line":124,"column":7},"end":{"line":132,"column":1}},"loc":{"start":{"line":124,"column":7},"end":{"line":132,"column":1}},"line":124},"5":{"name":"getNextPlayerIndex","decl":{"start":{"line":134,"column":7},"end":{"line":138,"column":1}},"loc":{"start":{"line":134,"column":7},"end":{"line":138,"column":1}},"line":134},"6":{"name":"startGame","decl":{"start":{"line":140,"column":25},"end":{"line":168,"column":2}},"loc":{"start":{"line":140,"column":25},"end":{"line":168,"column":2}},"line":140},"7":{"name":"updatePlayerConnectionStatus","decl":{"start":{"line":170,"column":44},"end":{"line":175,"column":2}},"loc":{"start":{"line":170,"column":44},"end":{"line":175,"column":2}},"line":170}},"f":{"0":5,"1":6,"2":2,"3":8,"4":1,"5":12,"6":5,"7":3}}
,"/Users/ali/Desktop/workspace/hudhud/uno/UnoServer/src/Domain/Game/GameSetting.ts": {"path":"/Users/ali/Desktop/workspace/hudhud/uno/UnoServer/src/Domain/Game/GameSetting.ts","all":true,"statementMap":{},"s":{},"branchMap":{"0":{"type":"branch","line":1,"loc":{"start":{"line":1,"column":87},"end":{"line":4,"column":1}},"locations":[{"start":{"line":1,"column":87},"end":{"line":4,"column":1}}]}},"b":{"0":[1]},"fnMap":{"0":{"name":"(empty-report)","decl":{"start":{"line":1,"column":87},"end":{"line":4,"column":1}},"loc":{"start":{"line":1,"column":87},"end":{"line":4,"column":1}},"line":1}},"f":{"0":1}}
,"/Users/ali/Desktop/workspace/hudhud/uno/UnoServer/src/Domain/Game/Factory/GameFactory.ts": {"path":"/Users/ali/Desktop/workspace/hudhud/uno/UnoServer/src/Domain/Game/Factory/GameFactory.ts","all":false,"statementMap":{"1":{"start":{"line":2,"column":0},"end":{"line":2,"column":59}},"4":{"start":{"line":5,"column":0},"end":{"line":5,"column":55}},"6":{"start":{"line":7,"column":0},"end":{"line":7,"column":50}},"7":{"start":{"line":8,"column":0},"end":{"line":8,"column":19}},"8":{"start":{"line":9,"column":0},"end":{"line":9,"column":24}},"9":{"start":{"line":10,"column":0},"end":{"line":10,"column":40}},"10":{"start":{"line":11,"column":0},"end":{"line":11,"column":16}},"11":{"start":{"line":12,"column":0},"end":{"line":12,"column":68}},"12":{"start":{"line":13,"column":0},"end":{"line":13,"column":5}},"13":{"start":{"line":14,"column":0},"end":{"line":14,"column":1}}},"s":{"1":1,"4":1,"6":1,"7":2,"8":2,"9":1,"10":2,"11":1,"12":2,"13":2},"branchMap":{"0":{"type":"branch","line":7,"loc":{"start":{"line":7,"column":7},"end":{"line":14,"column":1}},"locations":[{"start":{"line":7,"column":7},"end":{"line":14,"column":1}}]},"1":{"type":"branch","line":9,"loc":{"start":{"line":9,"column":8},"end":{"line":10,"column":40}},"locations":[{"start":{"line":9,"column":8},"end":{"line":10,"column":40}}]},"2":{"type":"branch","line":11,"loc":{"start":{"line":11,"column":8},"end":{"line":12,"column":68}},"locations":[{"start":{"line":11,"column":8},"end":{"line":12,"column":68}}]}},"b":{"0":[2],"1":[1],"2":[1]},"fnMap":{"0":{"name":"createGame","decl":{"start":{"line":7,"column":7},"end":{"line":14,"column":1}},"loc":{"start":{"line":7,"column":7},"end":{"line":14,"column":1}},"line":7}},"f":{"0":2}}
,"/Users/ali/Desktop/workspace/hudhud/uno/UnoServer/src/Domain/Game/Factory/OriginalGameFactory.ts": {"path":"/Users/ali/Desktop/workspace/hudhud/uno/UnoServer/src/Domain/Game/Factory/OriginalGameFactory.ts","all":false,"statementMap":{"0":{"start":{"line":1,"column":0},"end":{"line":1,"column":29}},"4":{"start":{"line":5,"column":0},"end":{"line":5,"column":88}},"5":{"start":{"line":6,"column":0},"end":{"line":6,"column":71}},"6":{"start":{"line":7,"column":0},"end":{"line":7,"column":77}},"7":{"start":{"line":8,"column":0},"end":{"line":8,"column":99}},"9":{"start":{"line":10,"column":0},"end":{"line":10,"column":44}},"10":{"start":{"line":11,"column":0},"end":{"line":11,"column":22}},"11":{"start":{"line":12,"column":0},"end":{"line":12,"column":20}},"12":{"start":{"line":13,"column":0},"end":{"line":13,"column":2}},"14":{"start":{"line":15,"column":0},"end":{"line":15,"column":47}},"15":{"start":{"line":16,"column":0},"end":{"line":16,"column":43}},"16":{"start":{"line":17,"column":0},"end":{"line":17,"column":100}},"17":{"start":{"line":18,"column":0},"end":{"line":18,"column":49}},"18":{"start":{"line":19,"column":0},"end":{"line":19,"column":5}},"20":{"start":{"line":21,"column":0},"end":{"line":21,"column":27}},"21":{"start":{"line":22,"column":0},"end":{"line":22,"column":53}},"22":{"start":{"line":23,"column":0},"end":{"line":23,"column":71}},"23":{"start":{"line":24,"column":0},"end":{"line":24,"column":77}},"24":{"start":{"line":25,"column":0},"end":{"line":25,"column":119}},"25":{"start":{"line":26,"column":0},"end":{"line":26,"column":119}},"26":{"start":{"line":27,"column":0},"end":{"line":27,"column":119}},"27":{"start":{"line":28,"column":0},"end":{"line":28,"column":47}},"28":{"start":{"line":29,"column":0},"end":{"line":29,"column":116}},"29":{"start":{"line":30,"column":0},"end":{"line":30,"column":68}},"30":{"start":{"line":31,"column":0},"end":{"line":31,"column":6}},"32":{"start":{"line":33,"column":0},"end":{"line":33,"column":12}},"33":{"start":{"line":34,"column":0},"end":{"line":34,"column":22}},"34":{"start":{"line":35,"column":0},"end":{"line":35,"column":29}},"35":{"start":{"line":36,"column":0},"end":{"line":36,"column":20}},"36":{"start":{"line":37,"column":0},"end":{"line":37,"column":22}},"37":{"start":{"line":38,"column":0},"end":{"line":38,"column":25}},"38":{"start":{"line":39,"column":0},"end":{"line":39,"column":24}},"39":{"start":{"line":40,"column":0},"end":{"line":40,"column":28}},"40":{"start":{"line":41,"column":0},"end":{"line":41,"column":26}},"41":{"start":{"line":42,"column":0},"end":{"line":42,"column":24}},"42":{"start":{"line":43,"column":0},"end":{"line":43,"column":21}},"43":{"start":{"line":44,"column":0},"end":{"line":44,"column":6}},"44":{"start":{"line":45,"column":0},"end":{"line":45,"column":2}}},"s":{"0":1,"4":1,"5":1,"6":1,"7":1,"9":1,"10":1,"11":1,"12":1,"14":1,"15":2,"16":2,"17":20,"18":20,"20":2,"21":2,"22":2,"23":2,"24":2,"25":2,"26":2,"27":2,"28":2,"29":2,"30":2,"32":2,"33":2,"34":2,"35":2,"36":2,"37":2,"38":2,"39":2,"40":2,"41":2,"42":2,"43":2,"44":2},"branchMap":{"0":{"type":"branch","line":15,"loc":{"start":{"line":15,"column":34},"end":{"line":45,"column":2}},"locations":[{"start":{"line":15,"column":34},"end":{"line":45,"column":2}}]},"1":{"type":"branch","line":17,"loc":{"start":{"line":17,"column":99},"end":{"line":19,"column":5}},"locations":[{"start":{"line":17,"column":99},"end":{"line":19,"column":5}}]}},"b":{"0":[2],"1":[20]},"fnMap":{"0":{"name":"createOriginalGame","decl":{"start":{"line":15,"column":34},"end":{"line":45,"column":2}},"loc":{"start":{"line":15,"column":34},"end":{"line":45,"column":2}},"line":15}},"f":{"0":2}}
,"/Users/ali/Desktop/workspace/hudhud/uno/UnoServer/src/Domain/Game/Repository/GameRepository.ts": {"path":"/Users/ali/Desktop/workspace/hudhud/uno/UnoServer/src/Domain/Game/Repository/GameRepository.ts","all":true,"statementMap":{},"s":{},"branchMap":{"0":{"type":"branch","line":1,"loc":{"start":{"line":1,"column":224},"end":{"line":9,"column":1}},"locations":[{"start":{"line":1,"column":224},"end":{"line":9,"column":1}}]}},"b":{"0":[1]},"fnMap":{"0":{"name":"(empty-report)","decl":{"start":{"line":1,"column":224},"end":{"line":9,"column":1}},"loc":{"start":{"line":1,"column":224},"end":{"line":9,"column":1}},"line":1}},"f":{"0":1}}
,"/Users/ali/Desktop/workspace/hudhud/uno/UnoServer/src/Domain/Game/Repository/InMemoryGameRepository.ts": {"path":"/Users/ali/Desktop/workspace/hudhud/uno/UnoServer/src/Domain/Game/Repository/InMemoryGameRepository.ts","all":false,"statementMap":{"0":{"start":{"line":1,"column":0},"end":{"line":1,"column":65}},"4":{"start":{"line":5,"column":0},"end":{"line":5,"column":63}},"5":{"start":{"line":6,"column":0},"end":{"line":6,"column":31}},"7":{"start":{"line":8,"column":0},"end":{"line":8,"column":22}},"8":{"start":{"line":9,"column":0},"end":{"line":9,"column":26}},"9":{"start":{"line":10,"column":0},"end":{"line":10,"column":5}},"11":{"start":{"line":12,"column":0},"end":{"line":12,"column":31}},"12":{"start":{"line":13,"column":0},"end":{"line":13,"column":55}},"13":{"start":{"line":14,"column":0},"end":{"line":14,"column":109}},"14":{"start":{"line":15,"column":0},"end":{"line":15,"column":9}},"15":{"start":{"line":16,"column":0},"end":{"line":16,"column":30}},"16":{"start":{"line":17,"column":0},"end":{"line":17,"column":20}},"17":{"start":{"line":18,"column":0},"end":{"line":18,"column":5}},"19":{"start":{"line":20,"column":0},"end":{"line":20,"column":34}},"20":{"start":{"line":21,"column":0},"end":{"line":21,"column":59}},"21":{"start":{"line":22,"column":0},"end":{"line":22,"column":5}},"23":{"start":{"line":24,"column":0},"end":{"line":24,"column":39}},"24":{"start":{"line":25,"column":0},"end":{"line":25,"column":57}},"25":{"start":{"line":26,"column":0},"end":{"line":26,"column":28}},"26":{"start":{"line":27,"column":0},"end":{"line":27,"column":5}},"28":{"start":{"line":29,"column":0},"end":{"line":29,"column":30}},"29":{"start":{"line":30,"column":0},"end":{"line":30,"column":72}},"30":{"start":{"line":31,"column":0},"end":{"line":31,"column":28}},"31":{"start":{"line":32,"column":0},"end":{"line":32,"column":70}},"32":{"start":{"line":33,"column":0},"end":{"line":33,"column":9}},"33":{"start":{"line":34,"column":0},"end":{"line":34,"column":37}},"34":{"start":{"line":35,"column":0},"end":{"line":35,"column":5}},"35":{"start":{"line":36,"column":0},"end":{"line":36,"column":1}}},"s":{"0":1,"4":1,"5":1,"7":1,"8":0,"9":0,"11":1,"12":0,"13":0,"14":0,"15":0,"16":0,"17":0,"19":1,"20":0,"21":0,"23":1,"24":0,"25":0,"26":0,"28":1,"29":0,"30":0,"31":0,"32":0,"33":0,"34":0,"35":1},"branchMap":{"0":{"type":"branch","line":5,"loc":{"start":{"line":5,"column":7},"end":{"line":6,"column":31}},"locations":[{"start":{"line":5,"column":7},"end":{"line":6,"column":31}}]}},"b":{"0":[1]},"fnMap":{"0":{"name":"InMemoryGameRepository","decl":{"start":{"line":5,"column":7},"end":{"line":6,"column":31}},"loc":{"start":{"line":5,"column":7},"end":{"line":6,"column":31}},"line":5},"1":{"name":"getAll","decl":{"start":{"line":8,"column":4},"end":{"line":10,"column":5}},"loc":{"start":{"line":8,"column":4},"end":{"line":10,"column":5}},"line":8},"2":{"name":"addGame","decl":{"start":{"line":12,"column":4},"end":{"line":18,"column":5}},"loc":{"start":{"line":12,"column":4},"end":{"line":18,"column":5}},"line":12},"3":{"name":"removeById","decl":{"start":{"line":20,"column":4},"end":{"line":22,"column":5}},"loc":{"start":{"line":20,"column":4},"end":{"line":22,"column":5}},"line":20},"4":{"name":"findById","decl":{"start":{"line":24,"column":4},"end":{"line":27,"column":5}},"loc":{"start":{"line":24,"column":4},"end":{"line":27,"column":5}},"line":24},"5":{"name":"update","decl":{"start":{"line":29,"column":4},"end":{"line":35,"column":5}},"loc":{"start":{"line":29,"column":4},"end":{"line":35,"column":5}},"line":29}},"f":{"0":1,"1":0,"2":0,"3":0,"4":0,"5":0}}
,"/Users/ali/Desktop/workspace/hudhud/uno/UnoServer/src/Domain/Player/Player.ts": {"path":"/Users/ali/Desktop/workspace/hudhud/uno/UnoServer/src/Domain/Player/Player.ts","all":true,"statementMap":{},"s":{},"branchMap":{"0":{"type":"branch","line":1,"loc":{"start":{"line":1,"column":166},"end":{"line":9,"column":1}},"locations":[{"start":{"line":1,"column":166},"end":{"line":9,"column":1}}]}},"b":{"0":[1]},"fnMap":{"0":{"name":"(empty-report)","decl":{"start":{"line":1,"column":166},"end":{"line":9,"column":1}},"loc":{"start":{"line":1,"column":166},"end":{"line":9,"column":1}},"line":1}},"f":{"0":1}}
,"/Users/ali/Desktop/workspace/hudhud/uno/UnoServer/src/RestApi/Game/GameController.ts": {"path":"/Users/ali/Desktop/workspace/hudhud/uno/UnoServer/src/RestApi/Game/GameController.ts","all":true,"statementMap":{"1":{"start":{"line":2,"column":0},"end":{"line":2,"column":64}},"3":{"start":{"line":4,"column":0},"end":{"line":4,"column":22}},"4":{"start":{"line":5,"column":0},"end":{"line":5,"column":93}},"5":{"start":{"line":6,"column":0},"end":{"line":6,"column":72}},"7":{"start":{"line":8,"column":0},"end":{"line":8,"column":45}},"8":{"start":{"line":9,"column":0},"end":{"line":9,"column":60}},"18":{"start":{"line":19,"column":0},"end":{"line":19,"column":56}},"19":{"start":{"line":20,"column":0},"end":{"line":20,"column":22}},"20":{"start":{"line":21,"column":0},"end":{"line":21,"column":33}},"21":{"start":{"line":22,"column":0},"end":{"line":22,"column":20}},"22":{"start":{"line":23,"column":0},"end":{"line":23,"column":25}},"23":{"start":{"line":24,"column":0},"end":{"line":24,"column":43}},"24":{"start":{"line":25,"column":0},"end":{"line":25,"column":45}},"25":{"start":{"line":26,"column":0},"end":{"line":26,"column":18}},"26":{"start":{"line":27,"column":0},"end":{"line":27,"column":3}},"28":{"start":{"line":29,"column":0},"end":{"line":29,"column":56}},"29":{"start":{"line":30,"column":0},"end":{"line":30,"column":88}},"31":{"start":{"line":32,"column":0},"end":{"line":32,"column":16}},"32":{"start":{"line":33,"column":0},"end":{"line":33,"column":37}},"33":{"start":{"line":34,"column":0},"end":{"line":34,"column":40}},"34":{"start":{"line":35,"column":0},"end":{"line":35,"column":57}},"35":{"start":{"line":36,"column":0},"end":{"line":36,"column":11}},"36":{"start":{"line":37,"column":0},"end":{"line":37,"column":5}},"38":{"start":{"line":39,"column":0},"end":{"line":39,"column":47}},"39":{"start":{"line":40,"column":0},"end":{"line":40,"column":42}},"41":{"start":{"line":42,"column":0},"end":{"line":42,"column":23}},"42":{"start":{"line":43,"column":0},"end":{"line":43,"column":31}},"43":{"start":{"line":44,"column":0},"end":{"line":44,"column":35}},"44":{"start":{"line":45,"column":0},"end":{"line":45,"column":18}},"45":{"start":{"line":46,"column":0},"end":{"line":46,"column":22}},"46":{"start":{"line":47,"column":0},"end":{"line":47,"column":27}},"47":{"start":{"line":48,"column":0},"end":{"line":48,"column":7}},"49":{"start":{"line":50,"column":0},"end":{"line":50,"column":9}},"50":{"start":{"line":51,"column":0},"end":{"line":51,"column":58}},"51":{"start":{"line":52,"column":0},"end":{"line":52,"column":42}},"52":{"start":{"line":53,"column":0},"end":{"line":53,"column":17}},"53":{"start":{"line":54,"column":0},"end":{"line":54,"column":33}},"54":{"start":{"line":55,"column":0},"end":{"line":55,"column":63}},"55":{"start":{"line":56,"column":0},"end":{"line":56,"column":73}},"56":{"start":{"line":57,"column":0},"end":{"line":57,"column":13}},"57":{"start":{"line":58,"column":0},"end":{"line":58,"column":16}},"58":{"start":{"line":59,"column":0},"end":{"line":59,"column":71}},"59":{"start":{"line":60,"column":0},"end":{"line":60,"column":9}},"60":{"start":{"line":61,"column":0},"end":{"line":61,"column":5}},"61":{"start":{"line":62,"column":0},"end":{"line":62,"column":2}},"68":{"start":{"line":69,"column":0},"end":{"line":69,"column":52}},"69":{"start":{"line":70,"column":0},"end":{"line":70,"column":43}},"70":{"start":{"line":71,"column":0},"end":{"line":71,"column":43}},"71":{"start":{"line":72,"column":0},"end":{"line":72,"column":41}},"72":{"start":{"line":73,"column":0},"end":{"line":73,"column":3}},"74":{"start":{"line":75,"column":0},"end":{"line":75,"column":54}},"75":{"start":{"line":76,"column":0},"end":{"line":76,"column":95}},"77":{"start":{"line":78,"column":0},"end":{"line":78,"column":16}},"78":{"start":{"line":79,"column":0},"end":{"line":79,"column":37}},"79":{"start":{"line":80,"column":0},"end":{"line":80,"column":40}},"80":{"start":{"line":81,"column":0},"end":{"line":81,"column":57}},"81":{"start":{"line":82,"column":0},"end":{"line":82,"column":11}},"82":{"start":{"line":83,"column":0},"end":{"line":83,"column":5}},"84":{"start":{"line":85,"column":0},"end":{"line":85,"column":58}},"85":{"start":{"line":86,"column":0},"end":{"line":86,"column":16}},"86":{"start":{"line":87,"column":0},"end":{"line":87,"column":37}},"87":{"start":{"line":88,"column":0},"end":{"line":88,"column":40}},"88":{"start":{"line":89,"column":0},"end":{"line":89,"column":11}},"89":{"start":{"line":90,"column":0},"end":{"line":90,"column":5}},"91":{"start":{"line":92,"column":0},"end":{"line":92,"column":60}},"92":{"start":{"line":93,"column":0},"end":{"line":93,"column":38}},"93":{"start":{"line":94,"column":0},"end":{"line":94,"column":5}},"95":{"start":{"line":96,"column":0},"end":{"line":96,"column":33}},"96":{"start":{"line":97,"column":0},"end":{"line":97,"column":52}},"97":{"start":{"line":98,"column":0},"end":{"line":98,"column":37}},"98":{"start":{"line":99,"column":0},"end":{"line":99,"column":36}},"99":{"start":{"line":100,"column":0},"end":{"line":100,"column":11}},"100":{"start":{"line":101,"column":0},"end":{"line":101,"column":5}},"102":{"start":{"line":103,"column":0},"end":{"line":103,"column":23}},"103":{"start":{"line":104,"column":0},"end":{"line":104,"column":27}},"104":{"start":{"line":105,"column":0},"end":{"line":105,"column":27}},"105":{"start":{"line":106,"column":0},"end":{"line":106,"column":18}},"106":{"start":{"line":107,"column":0},"end":{"line":107,"column":23}},"107":{"start":{"line":108,"column":0},"end":{"line":108,"column":27}},"108":{"start":{"line":109,"column":0},"end":{"line":109,"column":7}},"110":{"start":{"line":111,"column":0},"end":{"line":111,"column":27}},"111":{"start":{"line":112,"column":0},"end":{"line":112,"column":2}},"113":{"start":{"line":114,"column":0},"end":{"line":114,"column":58}},"114":{"start":{"line":115,"column":0},"end":{"line":115,"column":46}},"115":{"start":{"line":116,"column":0},"end":{"line":116,"column":60}},"117":{"start":{"line":118,"column":0},"end":{"line":118,"column":43}},"118":{"start":{"line":119,"column":0},"end":{"line":119,"column":29}},"119":{"start":{"line":120,"column":0},"end":{"line":120,"column":49}},"120":{"start":{"line":121,"column":0},"end":{"line":121,"column":35}},"121":{"start":{"line":122,"column":0},"end":{"line":122,"column":36}},"122":{"start":{"line":123,"column":0},"end":{"line":123,"column":25}},"123":{"start":{"line":124,"column":0},"end":{"line":124,"column":14}},"124":{"start":{"line":125,"column":0},"end":{"line":125,"column":10}},"125":{"start":{"line":126,"column":0},"end":{"line":126,"column":7}},"126":{"start":{"line":127,"column":0},"end":{"line":127,"column":2}}},"s":{"1":0,"3":0,"4":0,"5":0,"7":0,"8":0,"18":0,"19":0,"20":0,"21":0,"22":0,"23":0,"24":0,"25":0,"26":0,"28":0,"29":0,"31":0,"32":0,"33":0,"34":0,"35":0,"36":0,"38":0,"39":0,"41":0,"42":0,"43":0,"44":0,"45":0,"46":0,"47":0,"49":0,"50":0,"51":0,"52":0,"53":0,"54":0,"55":0,"56":0,"57":0,"58":0,"59":0,"60":0,"61":0,"68":0,"69":0,"70":0,"71":0,"72":0,"74":0,"75":0,"77":0,"78":0,"79":0,"80":0,"81":0,"82":0,"84":0,"85":0,"86":0,"87":0,"88":0,"89":0,"91":0,"92":0,"93":0,"95":0,"96":0,"97":0,"98":0,"99":0,"100":0,"102":0,"103":0,"104":0,"105":0,"106":0,"107":0,"108":0,"110":0,"111":0,"113":0,"114":0,"115":0,"117":0,"118":0,"119":0,"120":0,"121":0,"122":0,"123":0,"124":0,"125":0,"126":0},"branchMap":{"0":{"type":"branch","line":1,"loc":{"start":{"line":1,"column":3561},"end":{"line":127,"column":2}},"locations":[{"start":{"line":1,"column":3561},"end":{"line":127,"column":2}}]}},"b":{"0":[1]},"fnMap":{"0":{"name":"(empty-report)","decl":{"start":{"line":1,"column":3561},"end":{"line":127,"column":2}},"loc":{"start":{"line":1,"column":3561},"end":{"line":127,"column":2}},"line":1}},"f":{"0":1}}
,"/Users/ali/Desktop/workspace/hudhud/uno/UnoServer/src/TestUtils/GameMocks.ts": {"path":"/Users/ali/Desktop/workspace/hudhud/uno/UnoServer/src/TestUtils/GameMocks.ts","all":false,"statementMap":{"2":{"start":{"line":3,"column":0},"end":{"line":3,"column":42}},"3":{"start":{"line":4,"column":0},"end":{"line":4,"column":12}},"4":{"start":{"line":5,"column":0},"end":{"line":5,"column":15}},"5":{"start":{"line":6,"column":0},"end":{"line":6,"column":29}},"6":{"start":{"line":7,"column":0},"end":{"line":7,"column":22}},"7":{"start":{"line":8,"column":0},"end":{"line":8,"column":25}},"8":{"start":{"line":9,"column":0},"end":{"line":9,"column":24}},"9":{"start":{"line":10,"column":0},"end":{"line":10,"column":21}},"10":{"start":{"line":11,"column":0},"end":{"line":11,"column":24}},"11":{"start":{"line":12,"column":0},"end":{"line":12,"column":25}},"12":{"start":{"line":13,"column":0},"end":{"line":13,"column":18}},"13":{"start":{"line":14,"column":0},"end":{"line":14,"column":13}},"14":{"start":{"line":15,"column":0},"end":{"line":15,"column":25}},"15":{"start":{"line":16,"column":0},"end":{"line":16,"column":68}},"16":{"start":{"line":17,"column":0},"end":{"line":17,"column":31}},"17":{"start":{"line":18,"column":0},"end":{"line":18,"column":33}},"18":{"start":{"line":19,"column":0},"end":{"line":19,"column":34}},"19":{"start":{"line":20,"column":0},"end":{"line":20,"column":14}},"20":{"start":{"line":21,"column":0},"end":{"line":21,"column":13}},"21":{"start":{"line":22,"column":0},"end":{"line":22,"column":25}},"22":{"start":{"line":23,"column":0},"end":{"line":23,"column":68}},"23":{"start":{"line":24,"column":0},"end":{"line":24,"column":31}},"24":{"start":{"line":25,"column":0},"end":{"line":25,"column":33}},"25":{"start":{"line":26,"column":0},"end":{"line":26,"column":34}},"26":{"start":{"line":27,"column":0},"end":{"line":27,"column":14}},"27":{"start":{"line":28,"column":0},"end":{"line":28,"column":10}},"28":{"start":{"line":29,"column":0},"end":{"line":29,"column":73}},"29":{"start":{"line":30,"column":0},"end":{"line":30,"column":6}},"30":{"start":{"line":31,"column":0},"end":{"line":31,"column":2}},"32":{"start":{"line":33,"column":0},"end":{"line":33,"column":93}},"33":{"start":{"line":34,"column":0},"end":{"line":34,"column":56}},"35":{"start":{"line":36,"column":0},"end":{"line":36,"column":68}},"36":{"start":{"line":37,"column":0},"end":{"line":37,"column":75}},"37":{"start":{"line":38,"column":0},"end":{"line":38,"column":55}},"38":{"start":{"line":39,"column":0},"end":{"line":39,"column":80}},"39":{"start":{"line":40,"column":0},"end":{"line":40,"column":69}},"40":{"start":{"line":41,"column":0},"end":{"line":41,"column":16}},"41":{"start":{"line":42,"column":0},"end":{"line":42,"column":40}},"42":{"start":{"line":43,"column":0},"end":{"line":43,"column":9}},"43":{"start":{"line":44,"column":0},"end":{"line":44,"column":7}},"44":{"start":{"line":45,"column":0},"end":{"line":45,"column":2}}},"s":{"2":1,"3":29,"4":29,"5":29,"6":29,"7":29,"8":29,"9":29,"10":29,"11":29,"12":29,"13":29,"14":29,"15":29,"16":29,"17":29,"18":29,"19":29,"20":29,"21":29,"22":29,"23":29,"24":29,"25":29,"26":29,"27":29,"28":29,"29":29,"30":29,"32":1,"33":8,"35":8,"36":72,"37":52,"38":72,"39":20,"40":20,"41":0,"42":0,"43":8,"44":8},"branchMap":{"0":{"type":"branch","line":3,"loc":{"start":{"line":3,"column":29},"end":{"line":31,"column":2}},"locations":[{"start":{"line":3,"column":29},"end":{"line":31,"column":2}}]},"1":{"type":"branch","line":33,"loc":{"start":{"line":33,"column":32},"end":{"line":45,"column":2}},"locations":[{"start":{"line":33,"column":32},"end":{"line":45,"column":2}}]},"2":{"type":"branch","line":36,"loc":{"start":{"line":36,"column":16},"end":{"line":36,"column":48}},"locations":[{"start":{"line":36,"column":16},"end":{"line":36,"column":48}}]},"3":{"type":"branch","line":36,"loc":{"start":{"line":36,"column":58},"end":{"line":44,"column":5}},"locations":[{"start":{"line":36,"column":58},"end":{"line":44,"column":5}}]},"4":{"type":"branch","line":37,"loc":{"start":{"line":37,"column":39},"end":{"line":37,"column":74}},"locations":[{"start":{"line":37,"column":39},"end":{"line":37,"column":74}}]},"5":{"type":"branch","line":37,"loc":{"start":{"line":37,"column":74},"end":{"line":39,"column":19}},"locations":[{"start":{"line":37,"column":74},"end":{"line":39,"column":19}}]},"6":{"type":"branch","line":39,"loc":{"start":{"line":39,"column":8},"end":{"line":43,"column":9}},"locations":[{"start":{"line":39,"column":8},"end":{"line":43,"column":9}}]},"7":{"type":"branch","line":41,"loc":{"start":{"line":41,"column":8},"end":{"line":43,"column":9}},"locations":[{"start":{"line":41,"column":8},"end":{"line":43,"column":9}}]}},"b":{"0":[29],"1":[8],"2":[80],"3":[72],"4":[52],"5":[52],"6":[20],"7":[0]},"fnMap":{"0":{"name":"buildMockGame","decl":{"start":{"line":3,"column":29},"end":{"line":31,"column":2}},"loc":{"start":{"line":3,"column":29},"end":{"line":31,"column":2}},"line":3},"1":{"name":"assertNotChanged","decl":{"start":{"line":33,"column":32},"end":{"line":45,"column":2}},"loc":{"start":{"line":33,"column":32},"end":{"line":45,"column":2}},"line":33}},"f":{"0":29,"1":8}}
,"/Users/ali/Desktop/workspace/hudhud/uno/UnoServer/src/WebSocket/Connections.ts": {"path":"/Users/ali/Desktop/workspace/hudhud/uno/UnoServer/src/WebSocket/Connections.ts","all":true,"statementMap":{"2":{"start":{"line":3,"column":0},"end":{"line":3,"column":66}},"4":{"start":{"line":5,"column":0},"end":{"line":5,"column":86}},"5":{"start":{"line":6,"column":0},"end":{"line":6,"column":52}},"6":{"start":{"line":7,"column":0},"end":{"line":7,"column":29}},"7":{"start":{"line":8,"column":0},"end":{"line":8,"column":20}},"8":{"start":{"line":9,"column":0},"end":{"line":9,"column":5}},"10":{"start":{"line":11,"column":0},"end":{"line":11,"column":55}},"11":{"start":{"line":12,"column":0},"end":{"line":12,"column":28}},"12":{"start":{"line":13,"column":0},"end":{"line":13,"column":20}},"13":{"start":{"line":14,"column":0},"end":{"line":14,"column":5}},"15":{"start":{"line":16,"column":0},"end":{"line":16,"column":28}},"16":{"start":{"line":17,"column":0},"end":{"line":17,"column":2}},"18":{"start":{"line":19,"column":0},"end":{"line":19,"column":94}},"19":{"start":{"line":20,"column":0},"end":{"line":20,"column":50}},"20":{"start":{"line":21,"column":0},"end":{"line":21,"column":29}},"21":{"start":{"line":22,"column":0},"end":{"line":22,"column":31}},"22":{"start":{"line":23,"column":0},"end":{"line":23,"column":50}},"23":{"start":{"line":24,"column":0},"end":{"line":24,"column":5}},"25":{"start":{"line":26,"column":0},"end":{"line":26,"column":35}},"26":{"start":{"line":27,"column":0},"end":{"line":27,"column":2}},"28":{"start":{"line":29,"column":0},"end":{"line":29,"column":75}},"29":{"start":{"line":30,"column":0},"end":{"line":30,"column":52}},"30":{"start":{"line":31,"column":0},"end":{"line":31,"column":28}},"31":{"start":{"line":32,"column":0},"end":{"line":32,"column":41}},"32":{"start":{"line":33,"column":0},"end":{"line":33,"column":5}},"33":{"start":{"line":34,"column":0},"end":{"line":34,"column":2}},"35":{"start":{"line":36,"column":0},"end":{"line":36,"column":106}},"36":{"start":{"line":37,"column":0},"end":{"line":37,"column":28}},"37":{"start":{"line":38,"column":0},"end":{"line":38,"column":23}},"38":{"start":{"line":39,"column":0},"end":{"line":39,"column":58}},"39":{"start":{"line":40,"column":0},"end":{"line":40,"column":37}},"40":{"start":{"line":41,"column":0},"end":{"line":41,"column":38}},"41":{"start":{"line":42,"column":0},"end":{"line":42,"column":13}},"42":{"start":{"line":43,"column":0},"end":{"line":43,"column":23}},"43":{"start":{"line":44,"column":0},"end":{"line":44,"column":10}},"44":{"start":{"line":45,"column":0},"end":{"line":45,"column":39}},"45":{"start":{"line":46,"column":0},"end":{"line":46,"column":6}},"46":{"start":{"line":47,"column":0},"end":{"line":47,"column":2}}},"s":{"2":0,"4":0,"5":0,"6":0,"7":0,"8":0,"10":0,"11":0,"12":0,"13":0,"15":0,"16":0,"18":0,"19":0,"20":0,"21":0,"22":0,"23":0,"25":0,"26":0,"28":0,"29":0,"30":0,"31":0,"32":0,"33":0,"35":0,"36":0,"37":0,"38":0,"39":0,"40":0,"41":0,"42":0,"43":0,"44":0,"45":0,"46":0},"branchMap":{"0":{"type":"branch","line":1,"loc":{"start":{"line":1,"column":1355},"end":{"line":47,"column":2}},"locations":[{"start":{"line":1,"column":1355},"end":{"line":47,"column":2}}]}},"b":{"0":[1]},"fnMap":{"0":{"name":"(empty-report)","decl":{"start":{"line":1,"column":1355},"end":{"line":47,"column":2}},"loc":{"start":{"line":1,"column":1355},"end":{"line":47,"column":2}},"line":1}},"f":{"0":1}}
[...]
,"/Users/ali/Desktop/workspace/hudhud/uno/UnoServer/src/WebSocket/Actions/PlayCardActionHandler.ts": {"path":"/Users/ali/Desktop/workspace/hudhud/uno/UnoServer/src/WebSocket/Actions/PlayCardActionHandler.ts","all":true,"statementMap":{"1":{"start":{"line":2,"column":0},"end":{"line":2,"column":63}},"2":{"start":{"line":3,"column":0},"end":{"line":3,"column":8}},"7":{"start":{"line":8,"column":0},"end":{"line":8,"column":69}},"10":{"start":{"line":11,"column":0},"end":{"line":11,"column":56}},"12":{"start":{"line":13,"column":0},"end":{"line":13,"column":62}},"13":{"start":{"line":14,"column":0},"end":{"line":14,"column":81}},"14":{"start":{"line":15,"column":0},"end":{"line":15,"column":79}},"15":{"start":{"line":16,"column":0},"end":{"line":16,"column":20}},"16":{"start":{"line":17,"column":0},"end":{"line":17,"column":78}},"17":{"start":{"line":18,"column":0},"end":{"line":18,"column":24}},"18":{"start":{"line":19,"column":0},"end":{"line":19,"column":9}},"20":{"start":{"line":21,"column":0},"end":{"line":21,"column":26}},"21":{"start":{"line":22,"column":0},"end":{"line":22,"column":86}},"22":{"start":{"line":23,"column":0},"end":{"line":23,"column":76}},"23":{"start":{"line":24,"column":0},"end":{"line":24,"column":83}},"24":{"start":{"line":25,"column":0},"end":{"line":25,"column":28}},"25":{"start":{"line":26,"column":0},"end":{"line":26,"column":13}},"26":{"start":{"line":27,"column":0},"end":{"line":27,"column":9}},"28":{"start":{"line":29,"column":0},"end":{"line":29,"column":39}},"29":{"start":{"line":30,"column":0},"end":{"line":30,"column":73}},"30":{"start":{"line":31,"column":0},"end":{"line":31,"column":24}},"31":{"start":{"line":32,"column":0},"end":{"line":32,"column":9}},"34":{"start":{"line":35,"column":0},"end":{"line":35,"column":66}},"35":{"start":{"line":36,"column":0},"end":{"line":36,"column":5}},"37":{"start":{"line":38,"column":0},"end":{"line":38,"column":36}},"38":{"start":{"line":39,"column":0},"end":{"line":39,"column":20}},"39":{"start":{"line":40,"column":0},"end":{"line":40,"column":5}},"40":{"start":{"line":41,"column":0},"end":{"line":41,"column":1}}},"s":{"1":0,"2":0,"7":0,"10":0,"12":0,"13":0,"14":0,"15":0,"16":0,"17":0,"18":0,"20":0,"21":0,"22":0,"23":0,"24":0,"25":0,"26":0,"28":0,"29":0,"30":0,"31":0,"34":0,"35":0,"37":0,"38":0,"39":0,"40":0},"branchMap":{"0":{"type":"branch","line":1,"loc":{"start":{"line":1,"column":1503},"end":{"line":41,"column":1}},"locations":[{"start":{"line":1,"column":1503},"end":{"line":41,"column":1}}]}},"b":{"0":[1]},"fnMap":{"0":{"name":"(empty-report)","decl":{"start":{"line":1,"column":1503},"end":{"line":41,"column":1}},"loc":{"start":{"line":1,"column":1503},"end":{"line":41,"column":1}},"line":1}},"f":{"0":1}}
,"/Users/ali/Desktop/workspace/hudhud/uno/UnoServer/src/WebSocket/Actions/SkipNoCardActionHandler.ts": {"path":"/Users/ali/Desktop/workspace/hudhud/uno/UnoServer/src/WebSocket/Actions/SkipNoCardActionHandler.ts","all":true,"statementMap":{"1":{"start":{"line":2,"column":0},"end":{"line":2,"column":80}},"2":{"start":{"line":3,"column":0},"end":{"line":3,"column":58}},"4":{"start":{"line":5,"column":0},"end":{"line":5,"column":56}},"7":{"start":{"line":8,"column":0},"end":{"line":8,"column":25}},"9":{"start":{"line":10,"column":0},"end":{"line":10,"column":64}},"10":{"start":{"line":11,"column":0},"end":{"line":11,"column":59}},"11":{"start":{"line":12,"column":0},"end":{"line":12,"column":46}},"12":{"start":{"line":13,"column":0},"end":{"line":13,"column":91}},"13":{"start":{"line":14,"column":0},"end":{"line":14,"column":24}},"14":{"start":{"line":15,"column":0},"end":{"line":15,"column":9}},"16":{"start":{"line":17,"column":0},"end":{"line":17,"column":32}},"17":{"start":{"line":18,"column":0},"end":{"line":18,"column":5}},"19":{"start":{"line":20,"column":0},"end":{"line":20,"column":36}},"20":{"start":{"line":21,"column":0},"end":{"line":21,"column":20}},"21":{"start":{"line":22,"column":0},"end":{"line":22,"column":5}},"22":{"start":{"line":23,"column":0},"end":{"line":23,"column":1}}},"s":{"1":0,"2":0,"4":0,"7":0,"9":0,"10":0,"11":0,"12":0,"13":0,"14":0,"16":0,"17":0,"19":0,"20":0,"21":0,"22":0},"branchMap":{"0":{"type":"branch","line":1,"loc":{"start":{"line":1,"column":774},"end":{"line":23,"column":1}},"locations":[{"start":{"line":1,"column":774},"end":{"line":23,"column":1}}]}},"b":{"0":[1]},"fnMap":{"0":{"name":"(empty-report)","decl":{"start":{"line":1,"column":774},"end":{"line":23,"column":1}},"loc":{"start":{"line":1,"column":774},"end":{"line":23,"column":1}},"line":1}},"f":{"0":1}}
,"/Users/ali/Desktop/workspace/hudhud/uno/UnoServer/src/WebSocket/Actions/StartGameActionHandler.ts": {"path":"/Users/ali/Desktop/workspace/hudhud/uno/UnoServer/src/WebSocket/Actions/StartGameActionHandler.ts","all":true,"statementMap":{"1":{"start":{"line":2,"column":0},"end":{"line":2,"column":57}},"3":{"start":{"line":4,"column":0},"end":{"line":4,"column":56}},"5":{"start":{"line":6,"column":0},"end":{"line":6,"column":63}},"6":{"start":{"line":7,"column":0},"end":{"line":7,"column":59}},"7":{"start":{"line":8,"column":0},"end":{"line":8,"column":24}},"8":{"start":{"line":9,"column":0},"end":{"line":9,"column":36}},"9":{"start":{"line":10,"column":0},"end":{"line":10,"column":5}},"11":{"start":{"line":12,"column":0},"end":{"line":12,"column":42}},"12":{"start":{"line":13,"column":0},"end":{"line":13,"column":20}},"13":{"start":{"line":14,"column":0},"end":{"line":14,"column":5}},"15":{"start":{"line":16,"column":0},"end":{"line":16,"column":47}},"16":{"start":{"line":17,"column":0},"end":{"line":17,"column":21}},"17":{"start":{"line":18,"column":0},"end":{"line":18,"column":5}},"18":{"start":{"line":19,"column":0},"end":{"line":19,"column":1}}},"s":{"1":0,"3":0,"5":0,"6":0,"7":0,"8":0,"9":0,"11":0,"12":0,"13":0,"15":0,"16":0,"17":0,"18":0},"branchMap":{"0":{"type":"branch","line":1,"loc":{"start":{"line":1,"column":560},"end":{"line":19,"column":1}},"locations":[{"start":{"line":1,"column":560},"end":{"line":19,"column":1}}]}},"b":{"0":[1]},"fnMap":{"0":{"name":"(empty-report)","decl":{"start":{"line":1,"column":560},"end":{"line":19,"column":1}},"loc":{"start":{"line":1,"column":560},"end":{"line":19,"column":1}},"line":1}},"f":{"0":1}}
,"/Users/ali/Desktop/workspace/hudhud/uno/UnoServer/src/WebSocket/Events/BaseGameEvent.ts": {"path":"/Users/ali/Desktop/workspace/hudhud/uno/UnoServer/src/WebSocket/Events/BaseGameEvent.ts","all":true,"statementMap":{"1":{"start":{"line":2,"column":0},"end":{"line":2,"column":55}},"4":{"start":{"line":5,"column":0},"end":{"line":5,"column":58}},"5":{"start":{"line":6,"column":0},"end":{"line":6,"column":28}},"6":{"start":{"line":7,"column":0},"end":{"line":7,"column":50}},"7":{"start":{"line":8,"column":0},"end":{"line":8,"column":20}},"8":{"start":{"line":9,"column":0},"end":{"line":9,"column":41}},"9":{"start":{"line":10,"column":0},"end":{"line":10,"column":10}},"11":{"start":{"line":12,"column":0},"end":{"line":12,"column":46}},"12":{"start":{"line":13,"column":0},"end":{"line":13,"column":31}},"13":{"start":{"line":14,"column":0},"end":{"line":14,"column":40}},"14":{"start":{"line":15,"column":0},"end":{"line":15,"column":57}},"15":{"start":{"line":16,"column":0},"end":{"line":16,"column":11}},"16":{"start":{"line":17,"column":0},"end":{"line":17,"column":5}},"19":{"start":{"line":20,"column":0},"end":{"line":20,"column":1}}},"s":{"1":0,"4":0,"5":0,"6":0,"7":0,"8":0,"9":0,"11":0,"12":0,"13":0,"14":0,"15":0,"16":0,"19":0},"branchMap":{"0":{"type":"branch","line":1,"loc":{"start":{"line":1,"column":639},"end":{"line":20,"column":1}},"locations":[{"start":{"line":1,"column":639},"end":{"line":20,"column":1}}]}},"b":{"0":[1]},"fnMap":{"0":{"name":"(empty-report)","decl":{"start":{"line":1,"column":639},"end":{"line":20,"column":1}},"loc":{"start":{"line":1,"column":639},"end":{"line":20,"column":1}},"line":1}},"f":{"0":1}}
,"/Users/ali/Desktop/workspace/hudhud/uno/UnoServer/src/WebSocket/Events/GameEvent.ts": {"path":"/Users/ali/Desktop/workspace/hudhud/uno/UnoServer/src/WebSocket/Events/GameEvent.ts","all":true,"statementMap":{},"s":{},"branchMap":{"0":{"type":"branch","line":1,"loc":{"start":{"line":1,"column":106},"end":{"line":5,"column":1}},"locations":[{"start":{"line":1,"column":106},"end":{"line":5,"column":1}}]}},"b":{"0":[1]},"fnMap":{"0":{"name":"(empty-report)","decl":{"start":{"line":1,"column":106},"end":{"line":5,"column":1}},"loc":{"start":{"line":1,"column":106},"end":{"line":5,"column":1}},"line":1}},"f":{"0":1}}
,"/Users/ali/Desktop/workspace/hudhud/uno/UnoServer/src/WebSocket/Events/GameStateEvent.ts": {"path":"/Users/ali/Desktop/workspace/hudhud/uno/UnoServer/src/WebSocket/Events/GameStateEvent.ts","all":true,"statementMap":{"1":{"start":{"line":2,"column":0},"end":{"line":2,"column":82}},"2":{"start":{"line":3,"column":0},"end":{"line":3,"column":48}},"4":{"start":{"line":5,"column":0},"end":{"line":5,"column":51}},"5":{"start":{"line":6,"column":0},"end":{"line":6,"column":73}},"6":{"start":{"line":7,"column":0},"end":{"line":7,"column":56}},"7":{"start":{"line":8,"column":0},"end":{"line":8,"column":5}},"8":{"start":{"line":9,"column":0},"end":{"line":9,"column":1}}},"s":{"1":0,"2":0,"4":0,"5":0,"6":0,"7":0,"8":0},"branchMap":{"0":{"type":"branch","line":1,"loc":{"start":{"line":1,"column":370},"end":{"line":9,"column":1}},"locations":[{"start":{"line":1,"column":370},"end":{"line":9,"column":1}}]}},"b":{"0":[1]},"fnMap":{"0":{"name":"(empty-report)","decl":{"start":{"line":1,"column":370},"end":{"line":9,"column":1}},"loc":{"start":{"line":1,"column":370},"end":{"line":9,"column":1}},"line":1}},"f":{"0":1}}
,"/Users/ali/Desktop/workspace/hudhud/uno/UnoServer/src/WebSocket/Events/UIEvents.ts": {"path":"/Users/ali/Desktop/workspace/hudhud/uno/UnoServer/src/WebSocket/Events/UIEvents.ts","all":true,"statementMap":{"1":{"start":{"line":2,"column":0},"end":{"line":2,"column":78}},"2":{"start":{"line":3,"column":0},"end":{"line":3,"column":48}},"4":{"start":{"line":5,"column":0},"end":{"line":5,"column":45}},"5":{"start":{"line":6,"column":0},"end":{"line":6,"column":51}},"6":{"start":{"line":7,"column":0},"end":{"line":7,"column":16}},"7":{"start":{"line":8,"column":0},"end":{"line":8,"column":5}},"9":{"start":{"line":10,"column":0},"end":{"line":10,"column":45}},"10":{"start":{"line":11,"column":0},"end":{"line":11,"column":48}},"11":{"start":{"line":12,"column":0},"end":{"line":12,"column":5}},"12":{"start":{"line":13,"column":0},"end":{"line":13,"column":1}}},"s":{"1":0,"2":0,"4":0,"5":0,"6":0,"7":0,"9":0,"10":0,"11":0,"12":0},"branchMap":{"0":{"type":"branch","line":1,"loc":{"start":{"line":1,"column":403},"end":{"line":13,"column":1}},"locations":[{"start":{"line":1,"column":403},"end":{"line":13,"column":1}}]}},"b":{"0":[1]},"fnMap":{"0":{"name":"(empty-report)","decl":{"start":{"line":1,"column":403},"end":{"line":13,"column":1}},"loc":{"start":{"line":1,"column":403},"end":{"line":13,"column":1}},"line":1}},"f":{"0":1}}
,"/Users/ali/Desktop/workspace/hudhud/uno/UnoServer/src/WebSocket/Message/Incoming/IncomingMessage.ts": {"path":"/Users/ali/Desktop/workspace/hudhud/uno/UnoServer/src/WebSocket/Message/Incoming/IncomingMessage.ts","all":true,"statementMap":{"0":{"start":{"line":1,"column":0},"end":{"line":1,"column":25}},"1":{"start":{"line":2,"column":0},"end":{"line":2,"column":29}},"2":{"start":{"line":3,"column":0},"end":{"line":3,"column":27}},"3":{"start":{"line":4,"column":0},"end":{"line":4,"column":27}},"4":{"start":{"line":5,"column":0},"end":{"line":5,"column":32}}},"s":{"0":0,"1":0,"2":0,"3":0,"4":0},"branchMap":{"0":{"type":"branch","line":1,"loc":{"start":{"line":1,"column":576},"end":{"line":27,"column":8}},"locations":[{"start":{"line":1,"column":576},"end":{"line":27,"column":8}}]}},"b":{"0":[0]},"fnMap":{"0":{"name":"(empty-report)","decl":{"start":{"line":1,"column":576},"end":{"line":27,"column":8}},"loc":{"start":{"line":1,"column":576},"end":{"line":27,"column":8}},"line":1}},"f":{"0":0}}
,"/Users/ali/Desktop/workspace/hudhud/uno/UnoServer/src/WebSocket/Message/Outgoing/ErrorMessagePayload.ts": {"path":"/Users/ali/Desktop/workspace/hudhud/uno/UnoServer/src/WebSocket/Message/Outgoing/ErrorMessagePayload.ts","all":true,"statementMap":{"0":{"start":{"line":1,"column":0},"end":{"line":1,"column":78}},"7":{"start":{"line":8,"column":0},"end":{"line":8,"column":76}},"8":{"start":{"line":9,"column":0},"end":{"line":9,"column":33}},"9":{"start":{"line":10,"column":0},"end":{"line":10,"column":40}},"10":{"start":{"line":11,"column":0},"end":{"line":11,"column":18}},"11":{"start":{"line":12,"column":0},"end":{"line":12,"column":20}},"12":{"start":{"line":13,"column":0},"end":{"line":13,"column":28}},"13":{"start":{"line":14,"column":0},"end":{"line":14,"column":10}},"14":{"start":{"line":15,"column":0},"end":{"line":15,"column":7}},"15":{"start":{"line":16,"column":0},"end":{"line":16,"column":1}}},"s":{"0":0,"7":0,"8":0,"9":0,"10":0,"11":0,"12":0,"13":0,"14":0,"15":0},"branchMap":{"0":{"type":"branch","line":1,"loc":{"start":{"line":1,"column":407},"end":{"line":16,"column":1}},"locations":[{"start":{"line":1,"column":407},"end":{"line":16,"column":1}}]}},"b":{"0":[0]},"fnMap":{"0":{"name":"(empty-report)","decl":{"start":{"line":1,"column":407},"end":{"line":16,"column":1}},"loc":{"start":{"line":1,"column":407},"end":{"line":16,"column":1}},"line":1}},"f":{"0":0}}
,"/Users/ali/Desktop/workspace/hudhud/uno/UnoServer/src/WebSocket/Message/Outgoing/EventMessagePayload.ts": {"path":"/Users/ali/Desktop/workspace/hudhud/uno/UnoServer/src/WebSocket/Message/Outgoing/EventMessagePayload.ts","all":true,"statementMap":{"1":{"start":{"line":2,"column":0},"end":{"line":2,"column":95}},"3":{"start":{"line":4,"column":0},"end":{"line":4,"column":65}},"4":{"start":{"line":5,"column":0},"end":{"line":5,"column":38}},"5":{"start":{"line":6,"column":0},"end":{"line":6,"column":40}},"6":{"start":{"line":7,"column":0},"end":{"line":7,"column":24}},"7":{"start":{"line":8,"column":0},"end":{"line":8,"column":6}},"8":{"start":{"line":9,"column":0},"end":{"line":9,"column":41}},"9":{"start":{"line":10,"column":0},"end":{"line":10,"column":2}}},"s":{"1":0,"3":0,"4":0,"5":0,"6":0,"7":0,"8":0,"9":0},"branchMap":{"0":{"type":"branch","line":1,"loc":{"start":{"line":1,"column":372},"end":{"line":10,"column":2}},"locations":[{"start":{"line":1,"column":372},"end":{"line":10,"column":2}}]}},"b":{"0":[1]},"fnMap":{"0":{"name":"(empty-report)","decl":{"start":{"line":1,"column":372},"end":{"line":10,"column":2}},"loc":{"start":{"line":1,"column":372},"end":{"line":10,"column":2}},"line":1}},"f":{"0":1}}
,"/Users/ali/Desktop/workspace/hudhud/uno/UnoServer/src/WebSocket/Message/Outgoing/GameStatePayload.ts": {"path":"/Users/ali/Desktop/workspace/hudhud/uno/UnoServer/src/WebSocket/Message/Outgoing/GameStatePayload.ts","all":true,"statementMap":{"3":{"start":{"line":4,"column":0},"end":{"line":4,"column":78}},"22":{"start":{"line":23,"column":0},"end":{"line":23,"column":66}},"23":{"start":{"line":24,"column":0},"end":{"line":24,"column":108}},"24":{"start":{"line":25,"column":0},"end":{"line":25,"column":62}},"25":{"start":{"line":26,"column":0},"end":{"line":26,"column":59}},"26":{"start":{"line":27,"column":0},"end":{"line":27,"column":12}},"27":{"start":{"line":28,"column":0},"end":{"line":28,"column":20}},"28":{"start":{"line":29,"column":0},"end":{"line":29,"column":64}},"29":{"start":{"line":30,"column":0},"end":{"line":30,"column":16}},"30":{"start":{"line":31,"column":0},"end":{"line":31,"column":52}},"31":{"start":{"line":32,"column":0},"end":{"line":32,"column":34}},"32":{"start":{"line":33,"column":0},"end":{"line":33,"column":36}},"33":{"start":{"line":34,"column":0},"end":{"line":34,"column":23}},"34":{"start":{"line":35,"column":0},"end":{"line":35,"column":32}},"35":{"start":{"line":36,"column":0},"end":{"line":36,"column":36}},"36":{"start":{"line":37,"column":0},"end":{"line":37,"column":10}},"37":{"start":{"line":38,"column":0},"end":{"line":38,"column":27}},"38":{"start":{"line":39,"column":0},"end":{"line":39,"column":26}},"39":{"start":{"line":40,"column":0},"end":{"line":40,"column":34}},"40":{"start":{"line":41,"column":0},"end":{"line":41,"column":32}},"41":{"start":{"line":42,"column":0},"end":{"line":42,"column":6}},"42":{"start":{"line":43,"column":0},"end":{"line":43,"column":1}},"44":{"start":{"line":45,"column":0},"end":{"line":45,"column":78}},"45":{"start":{"line":46,"column":0},"end":{"line":46,"column":33}},"46":{"start":{"line":47,"column":0},"end":{"line":47,"column":45}},"47":{"start":{"line":48,"column":0},"end":{"line":48,"column":46}},"48":{"start":{"line":49,"column":0},"end":{"line":49,"column":7}},"49":{"start":{"line":50,"column":0},"end":{"line":50,"column":1}}},"s":{"3":0,"22":0,"23":0,"24":0,"25":0,"26":0,"27":0,"28":0,"29":0,"30":0,"31":0,"32":0,"33":0,"34":0,"35":0,"36":0,"37":0,"38":0,"39":0,"40":0,"41":0,"42":0,"44":0,"45":0,"46":0,"47":0,"48":0,"49":0},"branchMap":{"0":{"type":"branch","line":1,"loc":{"start":{"line":1,"column":1572},"end":{"line":50,"column":1}},"locations":[{"start":{"line":1,"column":1572},"end":{"line":50,"column":1}}]}},"b":{"0":[1]},"fnMap":{"0":{"name":"(empty-report)","decl":{"start":{"line":1,"column":1572},"end":{"line":50,"column":1}},"loc":{"start":{"line":1,"column":1572},"end":{"line":50,"column":1}},"line":1}},"f":{"0":1}}
,"/Users/ali/Desktop/workspace/hudhud/uno/UnoServer/src/WebSocket/Message/Outgoing/OutgoingMessage.ts": {"path":"/Users/ali/Desktop/workspace/hudhud/uno/UnoServer/src/WebSocket/Message/Outgoing/OutgoingMessage.ts","all":true,"statementMap":{"4":{"start":{"line":5,"column":0},"end":{"line":5,"column":33}},"5":{"start":{"line":6,"column":0},"end":{"line":6,"column":20}},"6":{"start":{"line":7,"column":0},"end":{"line":7,"column":30}},"7":{"start":{"line":8,"column":0},"end":{"line":8,"column":20}},"24":{"start":{"line":25,"column":0},"end":{"line":25,"column":73}},"25":{"start":{"line":26,"column":0},"end":{"line":26,"column":36}},"26":{"start":{"line":27,"column":0},"end":{"line":27,"column":1}}},"s":{"4":0,"5":0,"6":0,"7":0,"24":0,"25":0,"26":0},"branchMap":{"0":{"type":"branch","line":1,"loc":{"start":{"line":1,"column":697},"end":{"line":27,"column":1}},"locations":[{"start":{"line":1,"column":697},"end":{"line":27,"column":1}}]}},"b":{"0":[1]},"fnMap":{"0":{"name":"(empty-report)","decl":{"start":{"line":1,"column":697},"end":{"line":27,"column":1}},"loc":{"start":{"line":1,"column":697},"end":{"line":27,"column":1}},"line":1}},"f":{"0":1}}
}
